#
# A fatal error has been detected by the Java Runtime Environment:
#
#  SIGBUS (0xa) at pc=0x00000001026a7000, pid=2089, tid=0x0000000000002903
#
# JRE version: Java(TM) SE Runtime Environment (8.0_131-b11) (build 1.8.0_131-b11)
# Java VM: Java HotSpot(TM) 64-Bit Server VM (25.131-b11 mixed mode bsd-amd64 compressed oops)
# Problematic frame:
# C  0x00000001026a7000
#
# Failed to write core dump. Core dumps have been disabled. To enable core dumping, try "ulimit -c unlimited" before starting Java again
#
# If you would like to submit a bug report, please visit:
#   http://bugreport.java.com/bugreport/crash.jsp
#

---------------  T H R E A D  ---------------

Current thread (0x00007f85e1804800):  GCTaskThread [stack: 0x000070000f3e2000,0x000070000f4e2000] [id=10499]

siginfo: si_signo: 10 (SIGBUS), si_code: 2 (BUS_ADRERR), si_addr: 0x00000001026a7000

Registers:
RAX=0x00000001026a7000, RBX=0x000000000000004d, RCX=0x0000000000000003, RDX=0x0000000000000001
RSP=0x000070000f4e1bd8, RBP=0x000070000f4e1c40, RSI=0x00000007ad6af4a8, RDI=0x00000007c00061e8
R8 =0x00000001040f2260, R9 =0x00000007af5b8000, R10=0x00000007af5c0000, R11=0x0000000000a8af01
R12=0x00000001040e7f86, R13=0x00000007af5bec15, R14=0x00007f85e1037b80, R15=0x00007f85e1037c18
RIP=0x00000001026a7000, EFLAGS=0x0000000000010202, ERR=0x0000000000000015
  TRAPNO=0x000000000000000e

Top of Stack: (sp=0x000070000f4e1bd8)
0x000070000f4e1bd8:   0000000103cc8245 000070000f4e1c70
0x000070000f4e1be8:   00000007ad6af4a8 00000007af5b8000
0x000070000f4e1bf8:   0000000000001000 0000000000000001
0x000070000f4e1c08:   000070000f4e2000 0000000000000009
0x000070000f4e1c18:   00000007af5bec15 00000001040e7f86
0x000070000f4e1c28:   00000007af5bec15 00000007af5bec14
0x000070000f4e1c38:   00007f85e1037c18 000070000f4e1c60
0x000070000f4e1c48:   0000000103cc875b 00007f85e1037b80
0x000070000f4e1c58:   00007f85e1037be0 000070000f4e1cc0
0x000070000f4e1c68:   0000000103cc777b 0000000780002ad5
0x000070000f4e1c78:   0000000000000240 00000007af5bec15
0x000070000f4e1c88:   0000000103ac4254 00007f85e1037b80
0x000070000f4e1c98:   0000000780004000 000000010233c020
0x000070000f4e1ca8:   0000000780004000 000000010233c020
0x000070000f4e1cb8:   0000000000000240 000070000f4e1d80
0x000070000f4e1cc8:   0000000103957bcc 0000000000000000
0x000070000f4e1cd8:   0000000000000400 fffffffefdcc3fdf
0x000070000f4e1ce8:   0000000000000000 000000010233c01f
0x000070000f4e1cf8:   00000000fe73c000 000000010233c020
0x000070000f4e1d08:   0000000003c00000 fffffffefdcc3f7f
0x000070000f4e1d18:   0000000003c00020 000000010233c01f
0x000070000f4e1d28:   000000010233c001 0000000780004000
0x000070000f4e1d38:   0000000780004000 00007f85dff00870
0x000070000f4e1d48:   00007f85e1037b80 00007f85dff005f0
0x000070000f4e1d58:   00007f85dfc12fa0 0000000000000000
0x000070000f4e1d68:   0000000103e152cb 00007f85e1037b80
0x000070000f4e1d78:   0000000000000001 000070000f4e1db0
0x000070000f4e1d88:   0000000103ccb2af 00007f8500000008
0x000070000f4e1d98:   00007f85dff03af0 00007f85e1804800
0x000070000f4e1da8:   00007f85dfc12fa0 000070000f4e1e90
0x000070000f4e1db8:   0000000103a7717b 000070000f4e1df0
0x000070000f4e1dc8:   00007f85dff05e70 00007f85dff05ea0 

Instructions: (pc=0x00000001026a7000)
0x00000001026a6fe0:   00 00 00 00 00 00 00 00 00 00 00 00 00 00 00 00
0x00000001026a6ff0:   00 00 00 00 00 00 00 00 00 00 00 00 00 00 00 00
0x00000001026a7000:   58 3b b3 e0 85 7f 00 00 a0 ce 35 e1 85 7f 00 00
0x00000001026a7010:   80 dc 35 e1 85 7f 00 00 70 e9 b1 e0 85 7f 00 00 

Register to memory mapping:

RAX=0x00000001026a7000 is an unknown value
RBX=0x000000000000004d is an unknown value
RCX=0x0000000000000003 is an unknown value
RDX=0x0000000000000001 is an unknown value
RSP=0x000070000f4e1bd8 is an unknown value
RBP=0x000070000f4e1c40 is an unknown value
RSI=0x00000007ad6af4a8 is an oop

[error occurred during error reporting (printing register info), id 0xa]

Stack: [0x000070000f3e2000,0x000070000f4e2000],  sp=0x000070000f4e1bd8,  free space=1022k
Native frames: (J=compiled Java code, j=interpreted, Vv=VM code, C=native code)
C  0x00000001026a7000
V  [libjvm.dylib+0x4c875b]  PSPromotionManager::process_popped_location_depth(StarTask)+0x73
V  [libjvm.dylib+0x4c777b]  PSPromotionManager::drain_stacks_depth(bool)+0x117
V  [libjvm.dylib+0x157bcc]  CardTableExtension::scavenge_contents_parallel(ObjectStartArray*, MutableSpace*, HeapWord*, PSPromotionManager*, unsigned int, unsigned int)+0x380
V  [libjvm.dylib+0x4cb2af]  OldToYoungRootsTask::do_it(GCTaskManager*, unsigned int)+0x4b
V  [libjvm.dylib+0x27717b]  GCTaskThread::run()+0x1a1
V  [libjvm.dylib+0x48b376]  java_start(Thread*)+0xf6
C  [libsystem_pthread.dylib+0x393b]  _pthread_body+0xb4
C  [libsystem_pthread.dylib+0x3887]  _pthread_body+0x0
C  [libsystem_pthread.dylib+0x308d]  thread_start+0xd


---------------  P R O C E S S  ---------------

Java Threads: ( => current thread )
  0x00007f85e0a40800 JavaThread "File lock request listener" [_thread_in_native, id=27395, stack(0x0000700010e30000,0x0000700010f30000)]
  0x00007f85e0a2f000 JavaThread "Cache worker for file hash cache (/Users/ooguro/.gradle/caches/3.5/fileHashes)" [_thread_blocked, id=26883, stack(0x0000700010d2d000,0x0000700010e2d000)]
  0x00007f85e01eb800 JavaThread "Stdin handler" [_thread_blocked, id=26371, stack(0x0000700010c2a000,0x0000700010d2a000)]
  0x00007f85e01b9800 JavaThread "Asynchronous log dispatcher for DefaultDaemonConnection: socket connection from /0:0:0:0:0:0:0:1:52646 to /0:0:0:0:0:0:0:1:52647" [_thread_blocked, id=25859, stack(0x0000700010b27000,0x0000700010c27000)]
  0x00007f85e1349000 JavaThread "Daemon worker" [_thread_blocked, id=25347, stack(0x0000700010a24000,0x0000700010b24000)]
  0x00007f85e01b9000 JavaThread "Cancel handler" [_thread_blocked, id=24835, stack(0x0000700010921000,0x0000700010a21000)]
  0x00007f85e0a0b000 JavaThread "Handler for socket connection from /0:0:0:0:0:0:0:1:52646 to /0:0:0:0:0:0:0:1:52647" [_thread_in_native, id=24323, stack(0x000070001081e000,0x000070001091e000)]
  0x00007f85e4a70000 JavaThread "Daemon" [_thread_blocked, id=23811, stack(0x000070001071b000,0x000070001081b000)]
  0x00007f85e01dc800 JavaThread "Daemon periodic checks" [_thread_blocked, id=23299, stack(0x0000700010618000,0x0000700010718000)]
  0x00007f85e115f000 JavaThread "Incoming local TCP Connector on port 52646" [_thread_in_native, id=22787, stack(0x0000700010515000,0x0000700010615000)]
  0x00007f85e4a2e800 JavaThread "Daemon health stats" [_thread_blocked, id=22275, stack(0x0000700010412000,0x0000700010512000)]
  0x00007f85e0003800 JavaThread "Service Thread" daemon [_thread_blocked, id=21251, stack(0x000070001020c000,0x000070001030c000)]
  0x00007f85e1010800 JavaThread "C1 CompilerThread3" daemon [_thread_blocked, id=20739, stack(0x0000700010109000,0x0000700010209000)]
  0x00007f85e1010000 JavaThread "C2 CompilerThread2" daemon [_thread_in_native, id=20227, stack(0x0000700010006000,0x0000700010106000)]
  0x00007f85e0813800 JavaThread "C2 CompilerThread1" daemon [_thread_in_native, id=19715, stack(0x000070000ff03000,0x0000700010003000)]
  0x00007f85e1822000 JavaThread "C2 CompilerThread0" daemon [_thread_blocked, id=19203, stack(0x000070000fe00000,0x000070000ff00000)]
  0x00007f85e182d000 JavaThread "Signal Dispatcher" daemon [_thread_blocked, id=18691, stack(0x000070000fcfd000,0x000070000fdfd000)]
  0x00007f85e1040000 JavaThread "Finalizer" daemon [_thread_blocked, id=14595, stack(0x000070000fbfa000,0x000070000fcfa000)]
  0x00007f85e103d800 JavaThread "Reference Handler" daemon [_thread_blocked, id=14083, stack(0x000070000faf7000,0x000070000fbf7000)]
  0x00007f85e1001800 JavaThread "main" [_thread_blocked, id=7171, stack(0x000070000f0d9000,0x000070000f1d9000)]

Other Threads:
  0x00007f85e1038800 VMThread [stack: 0x000070000f9f4000,0x000070000faf4000] [id=13571]
  0x00007f85e100e800 WatcherThread [stack: 0x000070001030f000,0x000070001040f000] [id=21763]

=>0x00007f85e1804800 (exited) GCTaskThread [stack: 0x000070000f3e2000,0x000070000f4e2000] [id=10499]

VM state:at safepoint (normal execution)

VM Mutex/Monitor currently owned by a thread:  ([mutex/lock_event])
[0x00007f85dfd03570] Threads_lock - owner thread: 0x00007f85e1038800
[0x00007f85dfd03a70] Heap_lock - owner thread: 0x00007f85e1349000

Heap:
 PSYoungGen      total 76288K, used 73921K [0x00000007aab00000, 0x00000007b0000000, 0x00000007c0000000)
  eden space 65536K, 100% used [0x00000007aab00000,0x00000007aeb00000,0x00000007aeb00000)
  from space 10752K, 77% used [0x00000007aeb00000,0x00000007af330620,0x00000007af580000)
  to   space 10752K, 56% used [0x00000007af580000,0x00000007afb7c020,0x00000007b0000000)
 ParOldGen       total 175104K, used 24K [0x0000000780000000, 0x000000078ab00000, 0x00000007aab00000)
  object space 175104K, 0% used [0x0000000780000000,0x0000000780006000,0x000000078ab00000)
 Metaspace       used 20528K, capacity 20888K, committed 20992K, reserved 1067008K
  class space    used 2890K, capacity 3018K, committed 3072K, reserved 1048576K

Card table byte_map: [0x000000010233c000,0x000000010253d000] byte_map_base: 0x00000000fe73c000

Marking Bits: (ParMarkBitMap*) 0x00000001040f1ea0
 Begin Bits: [0x00000001137a3000, 0x00000001147a3000)
 End Bits:   [0x00000001147a3000, 0x00000001157a3000)

Polling page: 0x0000000101f69000

CodeCache: size=245760Kb used=4845Kb max_used=4852Kb free=240914Kb
 bounds [0x00000001047a3000, 0x0000000104c73000, 0x00000001137a3000]
 total_blobs=1844 nmethods=1471 adapters=286
 compilation: enabled

Compilation events (10 events):
Event: 1.283 Thread 0x00007f85e1010800 nmethod 1471 0x0000000104c5add0 code [0x0000000104c5af20, 0x0000000104c5b030]
Event: 1.283 Thread 0x00007f85e1010800 1472       1       sun.reflect.generics.repository.AbstractRepository::getTree (5 bytes)
Event: 1.283 Thread 0x00007f85e1010800 nmethod 1472 0x0000000104c5e450 code [0x0000000104c5e5a0, 0x0000000104c5e6b0]
Event: 1.283 Thread 0x00007f85e1822000 1473       4       java.util.concurrent.ConcurrentHashMap$Node::<init> (26 bytes)
Event: 1.284 Thread 0x00007f85e1822000 nmethod 1473 0x0000000104c5e1d0 code [0x0000000104c5e320, 0x0000000104c5e3d8]
Event: 1.304 Thread 0x00007f85e1010800 1474       3       java.util.HashMap::getNode (148 bytes)
Event: 1.305 Thread 0x00007f85e1010800 nmethod 1474 0x0000000104c62b10 code [0x0000000104c62ce0, 0x0000000104c63688]
Event: 1.313 Thread 0x00007f85e1822000 1475   !   4       java.util.zip.InflaterInputStream::read (138 bytes)
Event: 1.313 Thread 0x00007f85e1010800 1476       3       com.google.common.cache.LocalCache::evictsBySize (15 bytes)
Event: 1.313 Thread 0x00007f85e1010800 nmethod 1476 0x0000000104c5de10 code [0x0000000104c5df80, 0x0000000104c5e130]

GC Heap History (3 events):
Event: 0.756 GC heap before
{Heap before GC invocations=1 (full 0):
 PSYoungGen      total 76288K, used 65536K [0x00000007aab00000, 0x00000007b0000000, 0x00000007c0000000)
  eden space 65536K, 100% used [0x00000007aab00000,0x00000007aeb00000,0x00000007aeb00000)
  from space 10752K, 0% used [0x00000007af580000,0x00000007af580000,0x00000007b0000000)
  to   space 10752K, 0% used [0x00000007aeb00000,0x00000007aeb00000,0x00000007af580000)
 ParOldGen       total 175104K, used 0K [0x0000000780000000, 0x000000078ab00000, 0x00000007aab00000)
  object space 175104K, 0% used [0x0000000780000000,0x0000000780000000,0x000000078ab00000)
 Metaspace       used 11952K, capacity 12210K, committed 12288K, reserved 1060864K
  class space    used 1655K, capacity 1769K, committed 1792K, reserved 1048576K
Event: 0.764 GC heap after
Heap after GC invocations=1 (full 0):
 PSYoungGen      total 76288K, used 8385K [0x00000007aab00000, 0x00000007b0000000, 0x00000007c0000000)
  eden space 65536K, 0% used [0x00000007aab00000,0x00000007aab00000,0x00000007aeb00000)
  from space 10752K, 77% used [0x00000007aeb00000,0x00000007af330620,0x00000007af580000)
  to   space 10752K, 0% used [0x00000007af580000,0x00000007af580000,0x00000007b0000000)
 ParOldGen       total 175104K, used 16K [0x0000000780000000, 0x000000078ab00000, 0x00000007aab00000)
  object space 175104K, 0% used [0x0000000780000000,0x0000000780004000,0x000000078ab00000)
 Metaspace       used 11952K, capacity 12210K, committed 12288K, reserved 1060864K
  class space    used 1655K, capacity 1769K, committed 1792K, reserved 1048576K
}
Event: 1.316 GC heap before
{Heap before GC invocations=2 (full 0):
 PSYoungGen      total 76288K, used 73921K [0x00000007aab00000, 0x00000007b0000000, 0x00000007c0000000)
  eden space 65536K, 100% used [0x00000007aab00000,0x00000007aeb00000,0x00000007aeb00000)
  from space 10752K, 77% used [0x00000007aeb00000,0x00000007af330620,0x00000007af580000)
  to   space 10752K, 0% used [0x00000007af580000,0x00000007af580000,0x00000007b0000000)
 ParOldGen       total 175104K, used 16K [0x0000000780000000, 0x000000078ab00000, 0x00000007aab00000)
  object space 175104K, 0% used [0x0000000780000000,0x0000000780004000,0x000000078ab00000)
 Metaspace       used 20528K, capacity 20888K, committed 20992K, reserved 1067008K
  class space    used 2890K, capacity 3018K, committed 3072K, reserved 1048576K

Deoptimization events (10 events):
Event: 0.721 Thread 0x00007f85e1349000 Uncommon trap: reason=class_check action=maybe_recompile pc=0x0000000104a135d0 method=java.util.HashMap.putVal(ILjava/lang/Object;Ljava/lang/Object;ZZ)Ljava/lang/Object; @ 203
Event: 0.721 Thread 0x00007f85e1349000 Uncommon trap: reason=class_check action=maybe_recompile pc=0x0000000104a135d0 method=java.util.HashMap.putVal(ILjava/lang/Object;Ljava/lang/Object;ZZ)Ljava/lang/Object; @ 203
Event: 0.769 Thread 0x00007f85e1040000 Uncommon trap: reason=unstable_if action=reinterpret pc=0x0000000104b3cd7c method=java.lang.ref.ReferenceQueue.poll()Ljava/lang/ref/Reference; @ 4
Event: 0.833 Thread 0x00007f85e1349000 Uncommon trap: reason=class_check action=maybe_recompile pc=0x0000000104a09a34 method=java.util.regex.Matcher.match(II)Z @ 86
Event: 0.839 Thread 0x00007f85e1349000 Uncommon trap: reason=class_check action=maybe_recompile pc=0x0000000104a09a34 method=java.util.regex.Matcher.match(II)Z @ 86
Event: 1.003 Thread 0x00007f85e1349000 Uncommon trap: reason=unstable_if action=reinterpret pc=0x0000000104a0e3c0 method=java.io.UnixFileSystem.resolve(Ljava/lang/String;Ljava/lang/String;)Ljava/lang/String; @ 57
Event: 1.250 Thread 0x00007f85e1349000 Uncommon trap: reason=unstable_if action=reinterpret pc=0x0000000104b3d838 method=java.util.HashMap.hash(Ljava/lang/Object;)I @ 1
Event: 1.301 Thread 0x00007f85e1349000 Uncommon trap: reason=unstable_if action=reinterpret pc=0x0000000104b3ad6c method=java.util.HashMap.getNode(ILjava/lang/Object;)Ljava/util/HashMap$Node; @ 53
Event: 1.301 Thread 0x00007f85e1349000 Uncommon trap: reason=unstable_if action=reinterpret pc=0x0000000104a54b30 method=java.util.HashMap.hash(Ljava/lang/Object;)I @ 1
Event: 1.301 Thread 0x00007f85e1349000 Uncommon trap: reason=unstable_if action=reinterpret pc=0x0000000104b2a54c method=java.util.HashMap.putVal(ILjava/lang/Object;Ljava/lang/Object;ZZ)Ljava/lang/Object; @ 85

Internal exceptions (10 events):
Event: 1.162 Thread 0x00007f85e1349000 Exception <a 'java/lang/ClassNotFoundException': java/lang/ObjectBeanInfo> (0x00000007ad9542c0) thrown at [/Users/java_re/workspace/8-2-build-macosx-x86_64/jdk8u131/8869/hotspot/src/share/vm/classfile/systemDictionary.cpp, line 210]
Event: 1.162 Thread 0x00007f85e1349000 Exception <a 'java/lang/ClassNotFoundException': java/lang/ObjectCustomizer> (0x00000007ad959f50) thrown at [/Users/java_re/workspace/8-2-build-macosx-x86_64/jdk8u131/8869/hotspot/src/share/vm/classfile/systemDictionary.cpp, line 210]
Event: 1.164 Thread 0x00007f85e1349000 Exception <a 'java/lang/ClassNotFoundException': groovy/lang/MetaClassImplCustomizer> (0x00000007ad96e770) thrown at [/Users/java_re/workspace/8-2-build-macosx-x86_64/jdk8u131/8869/hotspot/src/share/vm/classfile/systemDictionary.cpp, line 210]
Event: 1.166 Thread 0x00007f85e1349000 Exception <a 'java/lang/ClassNotFoundException': groovy/lang/ExpandoMetaClassCustomizer> (0x00000007ad9a3ef8) thrown at [/Users/java_re/workspace/8-2-build-macosx-x86_64/jdk8u131/8869/hotspot/src/share/vm/classfile/systemDictionary.cpp, line 210]
Event: 1.172 Thread 0x00007f85e1349000 Exception <a 'java/lang/ClassNotFoundException': org/gradle/api/internal/plugins/DefaultExtraPropertiesExtensionBeanInfo> (0x00000007ada32450) thrown at [/Users/java_re/workspace/8-2-build-macosx-x86_64/jdk8u131/8869/hotspot/src/share/vm/classfile/systemD
Event: 1.172 Thread 0x00007f85e1349000 Exception <a 'java/lang/ClassNotFoundException': groovy/lang/GroovyObjectSupportBeanInfo> (0x00000007ada40248) thrown at [/Users/java_re/workspace/8-2-build-macosx-x86_64/jdk8u131/8869/hotspot/src/share/vm/classfile/systemDictionary.cpp, line 210]
Event: 1.172 Thread 0x00007f85e1349000 Exception <a 'java/lang/ClassNotFoundException': groovy/lang/GroovyObjectSupportCustomizer> (0x00000007ada4e488) thrown at [/Users/java_re/workspace/8-2-build-macosx-x86_64/jdk8u131/8869/hotspot/src/share/vm/classfile/systemDictionary.cpp, line 210]
Event: 1.172 Thread 0x00007f85e1349000 Exception <a 'java/lang/ClassNotFoundException': org/gradle/api/internal/plugins/DefaultExtraPropertiesExtensionCustomizer> (0x00000007ada67bb0) thrown at [/Users/java_re/workspace/8-2-build-macosx-x86_64/jdk8u131/8869/hotspot/src/share/vm/classfile/syste
Event: 1.250 Thread 0x00007f85e1349000 Implicit null exception at 0x0000000104b3d5f5 to 0x0000000104b3d829
Event: 1.301 Thread 0x00007f85e1349000 Implicit null exception at 0x0000000104a54a98 to 0x0000000104a54b26

Events (10 events):
Event: 1.314 loading class org/gradle/api/internal/project/DefaultProjectAccessListener done
Event: 1.315 loading class org/gradle/api/internal/tasks/DefaultTaskContainerFactory$1
Event: 1.315 loading class org/gradle/api/internal/tasks/DefaultTaskContainerFactory$1 done
Event: 1.315 loading class org/gradle/api/Task$Namer
Event: 1.315 loading class org/gradle/api/Task$Namer done
Event: 1.315 loading class org/gradle/api/internal/tasks/DefaultTaskContainerFactory$Namer
Event: 1.315 loading class org/gradle/api/internal/tasks/DefaultTaskContainerFactory$Namer done
Event: 1.315 loading class org/gradle/model/collection/internal/BridgedCollections
Event: 1.315 loading class org/gradle/model/collection/internal/BridgedCollections done
Event: 1.315 Executing VM operation: ParallelGCFailedAllocation


Dynamic libraries:
0x00000000338b5000 	/System/Library/Frameworks/Cocoa.framework/Versions/A/Cocoa
0x00000000338b5000 	/System/Library/Frameworks/Security.framework/Versions/A/Security
0x00000000338b5000 	/System/Library/Frameworks/ApplicationServices.framework/Versions/A/ApplicationServices
0x00000000338b5000 	/usr/lib/libz.1.dylib
0x00000000338b5000 	/usr/lib/libSystem.B.dylib
0x00000000338b5000 	/usr/lib/libobjc.A.dylib
0x00000000338b5000 	/System/Library/Frameworks/CoreFoundation.framework/Versions/A/CoreFoundation
0x00000000338b5000 	/System/Library/Frameworks/Foundation.framework/Versions/C/Foundation
0x00000000338b5000 	/System/Library/Frameworks/AppKit.framework/Versions/C/AppKit
0x00000000338b5000 	/System/Library/Frameworks/CoreData.framework/Versions/A/CoreData
0x00000000338b5000 	/System/Library/PrivateFrameworks/RemoteViewServices.framework/Versions/A/RemoteViewServices
0x00000000338b5000 	/System/Library/PrivateFrameworks/UIFoundation.framework/Versions/A/UIFoundation
0x00000000338b5000 	/System/Library/PrivateFrameworks/DFRFoundation.framework/Versions/A/DFRFoundation
0x00000000338b5000 	/usr/lib/libenergytrace.dylib
0x00000000338b5000 	/System/Library/PrivateFrameworks/SkyLight.framework/Versions/A/SkyLight
0x00000000338b5000 	/System/Library/Frameworks/CoreGraphics.framework/Versions/A/CoreGraphics
0x00000000338b5000 	/usr/lib/libScreenReader.dylib
0x00000000338b5000 	/System/Library/Frameworks/Accelerate.framework/Versions/A/Accelerate
0x00000000338b5000 	/System/Library/Frameworks/IOSurface.framework/Versions/A/IOSurface
0x00000000338b5000 	/System/Library/Frameworks/AudioToolbox.framework/Versions/A/AudioToolbox
0x00000000338b5000 	/System/Library/Frameworks/AudioUnit.framework/Versions/A/AudioUnit
0x00000000338b5000 	/System/Library/PrivateFrameworks/DataDetectorsCore.framework/Versions/A/DataDetectorsCore
0x00000000338b5000 	/System/Library/PrivateFrameworks/DesktopServicesPriv.framework/Versions/A/DesktopServicesPriv
0x00000000338b5000 	/System/Library/Frameworks/Carbon.framework/Versions/A/Frameworks/HIToolbox.framework/Versions/A/HIToolbox
0x00000000338b5000 	/usr/lib/libicucore.A.dylib
0x00000000338b5000 	/System/Library/Frameworks/QuartzCore.framework/Versions/A/QuartzCore
0x00000000338b5000 	/System/Library/Frameworks/Carbon.framework/Versions/A/Frameworks/SpeechRecognition.framework/Versions/A/SpeechRecognition
0x00000000338b5000 	/usr/lib/libauto.dylib
0x00000000338b5000 	/usr/lib/libxml2.2.dylib
0x00000000338b5000 	/System/Library/PrivateFrameworks/CoreUI.framework/Versions/A/CoreUI
0x00000000338b5000 	/System/Library/Frameworks/CoreAudio.framework/Versions/A/CoreAudio
0x00000000338b5000 	/System/Library/Frameworks/DiskArbitration.framework/Versions/A/DiskArbitration
0x00000000338b5000 	/usr/lib/liblangid.dylib
0x00000000338b5000 	/System/Library/PrivateFrameworks/MultitouchSupport.framework/Versions/A/MultitouchSupport
0x00000000338b5000 	/System/Library/Frameworks/IOKit.framework/Versions/A/IOKit
0x00000000338b5000 	/usr/lib/libDiagnosticMessagesClient.dylib
0x00000000338b5000 	/System/Library/Frameworks/CoreServices.framework/Versions/A/CoreServices
0x00000000338b5000 	/System/Library/PrivateFrameworks/PerformanceAnalysis.framework/Versions/A/PerformanceAnalysis
0x00000000338b5000 	/System/Library/PrivateFrameworks/GenerationalStorage.framework/Versions/A/GenerationalStorage
0x00000000338b5000 	/System/Library/Frameworks/OpenGL.framework/Versions/A/OpenGL
0x00000000338b5000 	/System/Library/Frameworks/CoreImage.framework/Versions/A/CoreImage
0x00000000338b5000 	/System/Library/Frameworks/CoreText.framework/Versions/A/CoreText
0x00000000338b5000 	/System/Library/Frameworks/ImageIO.framework/Versions/A/ImageIO
0x00000000338b5000 	/System/Library/PrivateFrameworks/Backup.framework/Versions/A/Backup
0x00000000338b5000 	/usr/lib/libarchive.2.dylib
0x00000000338b5000 	/System/Library/Frameworks/CFNetwork.framework/Versions/A/CFNetwork
0x00000000338b5000 	/System/Library/Frameworks/SystemConfiguration.framework/Versions/A/SystemConfiguration
0x00000000338b5000 	/usr/lib/libCRFSuite.dylib
0x00000000338b5000 	/usr/lib/libc++.1.dylib
0x00000000338b5000 	/usr/lib/libc++abi.dylib
0x00000000338b5000 	/usr/lib/system/libcache.dylib
0x00000000338b5000 	/usr/lib/system/libcommonCrypto.dylib
0x00000000338b5000 	/usr/lib/system/libcompiler_rt.dylib
0x00000000338b5000 	/usr/lib/system/libcopyfile.dylib
0x00000000338b5000 	/usr/lib/system/libcorecrypto.dylib
0x00000000338b5000 	/usr/lib/system/libdispatch.dylib
0x00000000338b5000 	/usr/lib/system/libdyld.dylib
0x00000000338b5000 	/usr/lib/system/libkeymgr.dylib
0x00000000338b5000 	/usr/lib/system/liblaunch.dylib
0x00000000338b5000 	/usr/lib/system/libmacho.dylib
0x00000000338b5000 	/usr/lib/system/libquarantine.dylib
0x00000000338b5000 	/usr/lib/system/libremovefile.dylib
0x00000000338b5000 	/usr/lib/system/libsystem_asl.dylib
0x00000000338b5000 	/usr/lib/system/libsystem_blocks.dylib
0x00000000338b5000 	/usr/lib/system/libsystem_c.dylib
0x00000000338b5000 	/usr/lib/system/libsystem_configuration.dylib
0x00000000338b5000 	/usr/lib/system/libsystem_coreservices.dylib
0x00000000338b5000 	/usr/lib/system/libsystem_coretls.dylib
0x00000000338b5000 	/usr/lib/system/libsystem_dnssd.dylib
0x00000000338b5000 	/usr/lib/system/libsystem_info.dylib
0x00000000338b5000 	/usr/lib/system/libsystem_kernel.dylib
0x00000000338b5000 	/usr/lib/system/libsystem_m.dylib
0x00000000338b5000 	/usr/lib/system/libsystem_malloc.dylib
0x00000000338b5000 	/usr/lib/system/libsystem_network.dylib
0x00000000338b5000 	/usr/lib/system/libsystem_networkextension.dylib
0x00000000338b5000 	/usr/lib/system/libsystem_notify.dylib
0x00000000338b5000 	/usr/lib/system/libsystem_platform.dylib
0x00000000338b5000 	/usr/lib/system/libsystem_pthread.dylib
0x00000000338b5000 	/usr/lib/system/libsystem_sandbox.dylib
0x00000000338b5000 	/usr/lib/system/libsystem_secinit.dylib
0x00000000338b5000 	/usr/lib/system/libsystem_symptoms.dylib
0x00000000338b5000 	/usr/lib/system/libsystem_trace.dylib
0x00000000338b5000 	/usr/lib/system/libunwind.dylib
0x00000000338b5000 	/usr/lib/system/libxpc.dylib
0x00000000338b5000 	/usr/lib/libbsm.0.dylib
0x00000000338b5000 	/usr/lib/system/libkxld.dylib
0x00000000338b5000 	/usr/lib/libcoretls.dylib
0x00000000338b5000 	/usr/lib/libcoretls_cfhelpers.dylib
0x00000000338b5000 	/usr/lib/libOpenScriptingUtil.dylib
0x00000000338b5000 	/usr/lib/libpam.2.dylib
0x00000000338b5000 	/usr/lib/libsqlite3.dylib
0x00000000338b5000 	/usr/lib/libxar.1.dylib
0x00000000338b5000 	/usr/lib/libbz2.1.0.dylib
0x00000000338b5000 	/usr/lib/liblzma.5.dylib
0x00000000338b5000 	/usr/lib/libnetwork.dylib
0x00000000338b5000 	/usr/lib/libpcap.A.dylib
0x00000000338b5000 	/System/Library/Frameworks/CoreServices.framework/Versions/A/Frameworks/FSEvents.framework/Versions/A/FSEvents
0x00000000338b5000 	/System/Library/Frameworks/CoreServices.framework/Versions/A/Frameworks/CarbonCore.framework/Versions/A/CarbonCore
0x00000000338b5000 	/System/Library/Frameworks/CoreServices.framework/Versions/A/Frameworks/Metadata.framework/Versions/A/Metadata
0x00000000338b5000 	/System/Library/Frameworks/CoreServices.framework/Versions/A/Frameworks/OSServices.framework/Versions/A/OSServices
0x00000000338b5000 	/System/Library/Frameworks/CoreServices.framework/Versions/A/Frameworks/SearchKit.framework/Versions/A/SearchKit
0x00000000338b5000 	/System/Library/Frameworks/CoreServices.framework/Versions/A/Frameworks/AE.framework/Versions/A/AE
0x00000000338b5000 	/System/Library/Frameworks/CoreServices.framework/Versions/A/Frameworks/LaunchServices.framework/Versions/A/LaunchServices
0x00000000338b5000 	/System/Library/Frameworks/CoreServices.framework/Versions/A/Frameworks/DictionaryServices.framework/Versions/A/DictionaryServices
0x00000000338b5000 	/System/Library/Frameworks/CoreServices.framework/Versions/A/Frameworks/SharedFileList.framework/Versions/A/SharedFileList
0x00000000338b5000 	/System/Library/Frameworks/NetFS.framework/Versions/A/NetFS
0x00000000338b5000 	/System/Library/PrivateFrameworks/NetAuth.framework/Versions/A/NetAuth
0x00000000338b5000 	/System/Library/PrivateFrameworks/login.framework/Versions/A/Frameworks/loginsupport.framework/Versions/A/loginsupport
0x00000000338b5000 	/System/Library/PrivateFrameworks/TCC.framework/Versions/A/TCC
0x00000000338b5000 	/usr/lib/libmecabra.dylib
0x00000000338b5000 	/System/Library/Frameworks/ApplicationServices.framework/Versions/A/Frameworks/ATS.framework/Versions/A/ATS
0x00000000338b5000 	/System/Library/Frameworks/ApplicationServices.framework/Versions/A/Frameworks/ColorSync.framework/Versions/A/ColorSync
0x00000000338b5000 	/System/Library/Frameworks/ApplicationServices.framework/Versions/A/Frameworks/HIServices.framework/Versions/A/HIServices
0x00000000338b5000 	/System/Library/Frameworks/ApplicationServices.framework/Versions/A/Frameworks/LangAnalysis.framework/Versions/A/LangAnalysis
0x00000000338b5000 	/System/Library/Frameworks/ApplicationServices.framework/Versions/A/Frameworks/PrintCore.framework/Versions/A/PrintCore
0x00000000338b5000 	/System/Library/Frameworks/ApplicationServices.framework/Versions/A/Frameworks/QD.framework/Versions/A/QD
0x00000000338b5000 	/System/Library/Frameworks/ApplicationServices.framework/Versions/A/Frameworks/SpeechSynthesis.framework/Versions/A/SpeechSynthesis
0x00000000338b5000 	/System/Library/Frameworks/Accelerate.framework/Versions/A/Frameworks/vImage.framework/Versions/A/vImage
0x00000000338b5000 	/System/Library/Frameworks/Accelerate.framework/Versions/A/Frameworks/vecLib.framework/Versions/A/vecLib
0x00000000338b5000 	/System/Library/Frameworks/Accelerate.framework/Versions/A/Frameworks/vecLib.framework/Versions/A/libvDSP.dylib
0x00000000338b5000 	/System/Library/Frameworks/Accelerate.framework/Versions/A/Frameworks/vecLib.framework/Versions/A/libBNNS.dylib
0x00000000338b5000 	/System/Library/Frameworks/Accelerate.framework/Versions/A/Frameworks/vecLib.framework/Versions/A/libQuadrature.dylib
0x00000000338b5000 	/System/Library/Frameworks/Accelerate.framework/Versions/A/Frameworks/vecLib.framework/Versions/A/libvMisc.dylib
0x00000000338b5000 	/System/Library/Frameworks/Accelerate.framework/Versions/A/Frameworks/vecLib.framework/Versions/A/libLAPACK.dylib
0x00000000338b5000 	/System/Library/Frameworks/Accelerate.framework/Versions/A/Frameworks/vecLib.framework/Versions/A/libBLAS.dylib
0x00000000338b5000 	/System/Library/Frameworks/Accelerate.framework/Versions/A/Frameworks/vecLib.framework/Versions/A/libLinearAlgebra.dylib
0x00000000338b5000 	/System/Library/Frameworks/Accelerate.framework/Versions/A/Frameworks/vecLib.framework/Versions/A/libSparseBLAS.dylib
0x00000000338b5000 	/System/Library/Frameworks/ApplicationServices.framework/Versions/A/Frameworks/ATS.framework/Versions/A/Resources/libFontParser.dylib
0x00000000338b5000 	/System/Library/Frameworks/ApplicationServices.framework/Versions/A/Frameworks/ATS.framework/Versions/A/Resources/libFontRegistry.dylib
0x00000000338b5000 	/System/Library/Frameworks/ImageIO.framework/Versions/A/Resources/libJPEG.dylib
0x00000000338b5000 	/System/Library/Frameworks/ImageIO.framework/Versions/A/Resources/libTIFF.dylib
0x00000000338b5000 	/System/Library/Frameworks/ImageIO.framework/Versions/A/Resources/libPng.dylib
0x00000000338b5000 	/System/Library/Frameworks/ImageIO.framework/Versions/A/Resources/libGIF.dylib
0x00000000338b5000 	/System/Library/Frameworks/ImageIO.framework/Versions/A/Resources/libJP2.dylib
0x00000000338b5000 	/System/Library/Frameworks/ImageIO.framework/Versions/A/Resources/libRadiance.dylib
0x00000000338b5000 	/usr/lib/libcompression.dylib
0x00000000338b5000 	/System/Library/PrivateFrameworks/AppleJPEG.framework/Versions/A/AppleJPEG
0x00000000338b5000 	/usr/lib/libcups.2.dylib
0x00000000338b5000 	/System/Library/Frameworks/Kerberos.framework/Versions/A/Kerberos
0x00000000338b5000 	/System/Library/Frameworks/GSS.framework/Versions/A/GSS
0x00000000338b5000 	/usr/lib/libresolv.9.dylib
0x00000000338b5000 	/usr/lib/libiconv.2.dylib
0x00000000338b5000 	/System/Library/PrivateFrameworks/Heimdal.framework/Versions/A/Heimdal
0x00000000338b5000 	/usr/lib/libheimdal-asn1.dylib
0x00000000338b5000 	/System/Library/Frameworks/OpenDirectory.framework/Versions/A/OpenDirectory
0x00000000338b5000 	/System/Library/PrivateFrameworks/CommonAuth.framework/Versions/A/CommonAuth
0x00000000338b5000 	/System/Library/Frameworks/OpenDirectory.framework/Versions/A/Frameworks/CFOpenDirectory.framework/Versions/A/CFOpenDirectory
0x00000000338b5000 	/System/Library/Frameworks/SecurityFoundation.framework/Versions/A/SecurityFoundation
0x00000000338b5000 	/System/Library/PrivateFrameworks/LanguageModeling.framework/Versions/A/LanguageModeling
0x00000000338b5000 	/usr/lib/libmarisa.dylib
0x00000000338b5000 	/usr/lib/libChineseTokenizer.dylib
0x00000000338b5000 	/usr/lib/libcmph.dylib
0x00000000338b5000 	/System/Library/PrivateFrameworks/CoreEmoji.framework/Versions/A/CoreEmoji
0x00000000338b5000 	/System/Library/Frameworks/ServiceManagement.framework/Versions/A/ServiceManagement
0x00000000338b5000 	/usr/lib/libxslt.1.dylib
0x00000000338b5000 	/System/Library/Frameworks/Carbon.framework/Versions/A/Frameworks/Ink.framework/Versions/A/Ink
0x00000000338b5000 	/System/Library/PrivateFrameworks/TextureIO.framework/Versions/A/TextureIO
0x00000000338b5000 	/System/Library/Frameworks/Metal.framework/Versions/A/Metal
0x00000000338b5000 	/usr/lib/libate.dylib
0x00000000338b5000 	/System/Library/PrivateFrameworks/GPUCompiler.framework/libmetal_timestamp.dylib
0x00000000338b5000 	/System/Library/Frameworks/OpenGL.framework/Versions/A/Libraries/libCoreFSCache.dylib
0x00000000338b5000 	/System/Library/PrivateFrameworks/IOAccelerator.framework/Versions/A/IOAccelerator
0x00000000338b5000 	/System/Library/Frameworks/CoreVideo.framework/Versions/A/CoreVideo
0x00000000338b5000 	/usr/lib/libFosl_dynamic.dylib
0x00000000338b5000 	/System/Library/PrivateFrameworks/MetalPerformanceShaders.framework/Versions/A/MetalPerformanceShaders
0x00000000338b5000 	/System/Library/PrivateFrameworks/FaceCore.framework/Versions/A/FaceCore
0x00000000338b5000 	/System/Library/Frameworks/OpenCL.framework/Versions/A/OpenCL
0x00000000338b5000 	/System/Library/Frameworks/OpenGL.framework/Versions/A/Libraries/libGLU.dylib
0x00000000338b5000 	/System/Library/Frameworks/OpenGL.framework/Versions/A/Libraries/libGFXShared.dylib
0x00000000338b5000 	/System/Library/Frameworks/OpenGL.framework/Versions/A/Libraries/libGL.dylib
0x00000000338b5000 	/System/Library/Frameworks/OpenGL.framework/Versions/A/Libraries/libGLImage.dylib
0x00000000338b5000 	/System/Library/Frameworks/OpenGL.framework/Versions/A/Libraries/libCVMSPluginSupport.dylib
0x00000000338b5000 	/System/Library/Frameworks/OpenGL.framework/Versions/A/Libraries/libCoreVMClient.dylib
0x00000000338b5000 	/System/Library/PrivateFrameworks/CrashReporterSupport.framework/Versions/A/CrashReporterSupport
0x00000000338b5000 	/System/Library/PrivateFrameworks/Sharing.framework/Versions/A/Sharing
0x00000000338b5000 	/System/Library/PrivateFrameworks/IconServices.framework/Versions/A/IconServices
0x00000000338b5000 	/System/Library/PrivateFrameworks/ProtocolBuffer.framework/Versions/A/ProtocolBuffer
0x00000000338b5000 	/System/Library/PrivateFrameworks/Apple80211.framework/Versions/A/Apple80211
0x00000000338b5000 	/System/Library/Frameworks/CoreWLAN.framework/Versions/A/CoreWLAN
0x00000000338b5000 	/System/Library/PrivateFrameworks/CoreUtils.framework/Versions/A/CoreUtils
0x00000000338b5000 	/System/Library/Frameworks/IOBluetooth.framework/Versions/A/IOBluetooth
0x00000000338b5000 	/System/Library/PrivateFrameworks/CoreWiFi.framework/Versions/A/CoreWiFi
0x00000000338b5000 	/System/Library/Frameworks/CoreBluetooth.framework/Versions/A/CoreBluetooth
0x00000000338b5000 	/System/Library/Frameworks/CoreDisplay.framework/Versions/A/CoreDisplay
0x00000000338b5000 	/System/Library/PrivateFrameworks/IOPresentment.framework/Versions/A/IOPresentment
0x00000000338b5000 	/System/Library/PrivateFrameworks/DSExternalDisplay.framework/Versions/A/DSExternalDisplay
0x00000000338b5000 	/System/Library/PrivateFrameworks/DebugSymbols.framework/Versions/A/DebugSymbols
0x00000000338b5000 	/System/Library/PrivateFrameworks/CoreSymbolication.framework/Versions/A/CoreSymbolication
0x00000000338b5000 	/System/Library/PrivateFrameworks/Symbolication.framework/Versions/A/Symbolication
0x00000000338b5000 	/System/Library/PrivateFrameworks/AppleFSCompression.framework/Versions/A/AppleFSCompression
0x00000000338b5000 	/System/Library/PrivateFrameworks/SpeechRecognitionCore.framework/Versions/A/SpeechRecognitionCore
0x00000000338b5000 	/System/Library/PrivateFrameworks/ChunkingLibrary.framework/Versions/A/ChunkingLibrary
0x00000000475d4000 	/System/Library/CoreServices/Encodings/libJapaneseConverter.dylib
0x0000000103800000 	/Library/Java/JavaVirtualMachines/jdk1.8.0_131.jdk/Contents/Home/jre/lib/server/libjvm.dylib
0x00000000338b5000 	/usr/lib/libstdc++.6.dylib
0x0000000101f26000 	/Library/Java/JavaVirtualMachines/jdk1.8.0_131.jdk/Contents/Home/jre/lib/libverify.dylib
0x0000000101f34000 	/Library/Java/JavaVirtualMachines/jdk1.8.0_131.jdk/Contents/Home/jre/lib/libjava.dylib
0x0000000101f73000 	/Library/Java/JavaVirtualMachines/jdk1.8.0_131.jdk/Contents/Home/jre/lib/libzip.dylib
0x000000011802f000 	/System/Library/Frameworks/JavaVM.framework/Frameworks/JavaRuntimeSupport.framework/JavaRuntimeSupport
0x0000000118049000 	/System/Library/Frameworks/JavaVM.framework/Versions/A/Frameworks/JavaNativeFoundation.framework/Versions/A/JavaNativeFoundation
0x000000011805e000 	/System/Library/Frameworks/JavaVM.framework/Versions/A/JavaVM
0x00000000338b5000 	/System/Library/Frameworks/Carbon.framework/Versions/A/Carbon
0x000000011806b000 	/System/Library/PrivateFrameworks/JavaLaunching.framework/Versions/A/JavaLaunching
0x00000000338b5000 	/System/Library/Frameworks/Carbon.framework/Versions/A/Frameworks/CommonPanels.framework/Versions/A/CommonPanels
0x00000000338b5000 	/System/Library/Frameworks/Carbon.framework/Versions/A/Frameworks/Help.framework/Versions/A/Help
0x00000000338b5000 	/System/Library/Frameworks/Carbon.framework/Versions/A/Frameworks/ImageCapture.framework/Versions/A/ImageCapture
0x00000000338b5000 	/System/Library/Frameworks/Carbon.framework/Versions/A/Frameworks/OpenScripting.framework/Versions/A/OpenScripting
0x00000000338b5000 	/System/Library/Frameworks/Carbon.framework/Versions/A/Frameworks/Print.framework/Versions/A/Print
0x00000000338b5000 	/System/Library/Frameworks/Carbon.framework/Versions/A/Frameworks/SecurityHI.framework/Versions/A/SecurityHI
0x000000011a04b000 	/Library/Java/JavaVirtualMachines/jdk1.8.0_131.jdk/Contents/Home/jre/lib/libnet.dylib
0x000000011a062000 	/Library/Java/JavaVirtualMachines/jdk1.8.0_131.jdk/Contents/Home/jre/lib/libnio.dylib
0x000000011a072000 	/Users/ooguro/.gradle/native/25/osx-amd64/libnative-platform.dylib
0x000000011a4b0000 	/Library/Java/JavaVirtualMachines/jdk1.8.0_131.jdk/Contents/Home/jre/lib/libmanagement.dylib

VM Arguments:
jvm_args: -XX:MaxPermSize=256m -XX:+HeapDumpOnOutOfMemoryError -Xmx1024m -Dfile.encoding=UTF-8 -Duser.country=JP -Duser.language=ja -Duser.variant 
java_command: org.gradle.launcher.daemon.bootstrap.GradleDaemon 3.5
java_class_path (initial): /usr/local/Cellar/gradle/3.5/libexec/lib/gradle-launcher-3.5.jar
Launcher Type: SUN_STANDARD

Environment Variables:
PATH=/usr/local/bin:/usr/bin:/bin:/usr/sbin:/sbin:/Users/ooguro/.nodebrew/current/bin
SHELL=/bin/bash

Signal Handlers:
SIGSEGV: [libjvm.dylib+0x5b1eb1], sa_mask[0]=11111111011111110111111111111111, sa_flags=SA_ONSTACK|SA_RESTART|SA_SIGINFO
SIGBUS: [libjvm.dylib+0x5b1eb1], sa_mask[0]=11111111011111110111111111111111, sa_flags=SA_RESTART|SA_SIGINFO
SIGFPE: [libjvm.dylib+0x488988], sa_mask[0]=11111111011111110111111111111111, sa_flags=SA_RESTART|SA_SIGINFO
SIGPIPE: [libjvm.dylib+0x488988], sa_mask[0]=11111111011111110111111111111111, sa_flags=SA_RESTART|SA_SIGINFO
SIGXFSZ: [libjvm.dylib+0x488988], sa_mask[0]=11111111011111110111111111111111, sa_flags=SA_RESTART|SA_SIGINFO
SIGILL: [libjvm.dylib+0x488988], sa_mask[0]=11111111011111110111111111111111, sa_flags=SA_RESTART|SA_SIGINFO
SIGUSR1: SIG_DFL, sa_mask[0]=11011111011111100000000111000110, sa_flags=none
SIGUSR2: [libjvm.dylib+0x4884a6], sa_mask[0]=00100000000000000000000000000000, sa_flags=SA_RESTART|SA_SIGINFO
SIGHUP: [libjvm.dylib+0x486a7d], sa_mask[0]=11111111011111110111111111111111, sa_flags=SA_RESTART|SA_SIGINFO
SIGINT: [libjvm.dylib+0x486a7d], sa_mask[0]=11111111011111110111111111111111, sa_flags=SA_RESTART|SA_SIGINFO
SIGTERM: [libjvm.dylib+0x486a7d], sa_mask[0]=11111111011111110111111111111111, sa_flags=SA_RESTART|SA_SIGINFO
SIGQUIT: [libjvm.dylib+0x486a7d], sa_mask[0]=11111111011111110111111111111111, sa_flags=SA_RESTART|SA_SIGINFO


---------------  S Y S T E M  ---------------

OS:Bsduname:Darwin 16.6.0 Darwin Kernel Version 16.6.0: Fri Apr 14 16:21:16 PDT 2017; root:xnu-3789.60.24~6/RELEASE_X86_64 x86_64
rlimit: STACK 8192k, CORE 0k, NPROC 709, NOFILE 10240, AS infinity
load average:2.56 2.43 2.36

CPU:total 8 (initial active 8) (4 cores per cpu, 2 threads per core) family 6 model 70 stepping 1, cmov, cx8, fxsr, mmx, sse, sse2, sse3, ssse3, sse4.1, sse4.2, popcnt, avx, avx2, aes, clmul, erms, lzcnt, ht, tsc, tscinvbit, bmi1, bmi2

Memory: 4k page, physical 16777216k(49992k free)

/proc/meminfo:


vm_info: Java HotSpot(TM) 64-Bit Server VM (25.131-b11) for bsd-amd64 JRE (1.8.0_131-b11), built on Mar 15 2017 01:32:22 by "java_re" with gcc 4.2.1 (Based on Apple Inc. build 5658) (LLVM build 2336.11.00)

time: Sat Jul 15 17:10:07 2017
elapsed time: 1 seconds (0d 0h 0m 1s)

