#
# A fatal error has been detected by the Java Runtime Environment:
#
#  SIGSEGV (0xb) at pc=0x000000010d3af30c, pid=7138, tid=24323
#
# JRE version: Java(TM) SE Runtime Environment (8.0_91-b14) (build 1.8.0_91-b14)
# Java VM: Java HotSpot(TM) 64-Bit Server VM (25.91-b14 mixed mode bsd-amd64 compressed oops)
# Problematic frame:
# V  [libjvm.dylib+0x3af30c]  klassVtable::is_miranda(Method*, Array<Method*>*, Array<Method*>*, Klass*)+0x38
#
# Failed to write core dump. Core dumps have been disabled. To enable core dumping, try "ulimit -c unlimited" before starting Java again
#
# If you would like to submit a bug report, please visit:
#   http://bugreport.java.com/bugreport/crash.jsp
#

---------------  T H R E A D  ---------------

Current thread (0x00007ffa56b93000):  JavaThread "Daemon worker" [_thread_in_vm, id=24323, stack(0x0000700001965000,0x0000700001a65000)]

siginfo: si_signo: 11 (SIGSEGV), si_code: 0 (unknown), si_addr: 0x0000000000000000

Registers:
RAX=0x000000011fe9bf63, RBX=0x00000007c0000f28, RCX=0x0000000000006300, RDX=0x030000000e000000
RSP=0x0000700001a60e70, RBP=0x0000700001a60e90, RSI=0x0000000124306250, RDI=0x0000000124306250
R8 =0x0000000000000000, R9 =0x00000007c0000f28, R10=0x000000009debc815, R11=0x00007ffa52c00000
R12=0x000000011fe9bf40, R13=0x000000011fe9bf80, R14=0x0000000000000000, R15=0x0000700001a60fa8
RIP=0x000000010d3af30c, EFLAGS=0x0000000000010246, ERR=0x0000000000000000
  TRAPNO=0x000000000000000d

Top of Stack: (sp=0x0000700001a60e70)
0x0000700001a60e70:   0000000000000002 000000011fe9bf40
0x0000700001a60e80:   0000700001a611a8 0000700001a60fa8
0x0000700001a60e90:   0000700001a60ef0 000000010d3af46e
0x0000700001a60ea0:   0000700001a60ec0 0000000124306250
0x0000700001a60eb0:   0000000000000000 00000007c0000f28
0x0000700001a60ec0:   000000011fe9bf80 00000007c0000f28
0x0000700001a60ed0:   000000011f8ab088 0000000000000000
0x0000700001a60ee0:   0000700001a611a8 0000700001a60fa8
0x0000700001a60ef0:   0000700001a60f50 000000010d3af537
0x0000700001a60f00:   0000000000000003 00000007c00eda48
0x0000700001a60f10:   0000000124306098 0000000124306250
0x0000700001a60f20:   0000000000000000 00000007c0000f28
0x0000700001a60f30:   0000000124306db0 00007ffa56b93001
0x0000700001a60f40:   0000000000000011 00000001243062c0
0x0000700001a60f50:   0000700001a61010 000000010d3ade4d
0x0000700001a60f60:   000000010d44813e 0000700001a611cc
0x0000700001a60f70:   0000700001a611c8 0000700001a611a8
0x0000700001a60f80:   0000000124306250 0000000000200021
0x0000700001a60f90:   0000000000200021 00007ffa549e1cd8
0x0000700001a60fa0:   00000007c0000f28 0000001400000000
0x0000700001a60fb0:   0000000000000000 0000000100000007
0x0000700001a60fc0:   00007ffa52e30620 0000000124306db0
0x0000700001a60fd0:   00007ffa56b93000 0000000124306db0
0x0000700001a60fe0:   0000000124306db0 00007ffa55358570
0x0000700001a60ff0:   00000007c0000f28 00007ffa56b93000
0x0000700001a61000:   0000700001a611a8 0000000124306250
0x0000700001a61010:   0000700001a61360 000000010d18886a
0x0000700001a61020:   00007ffa549e1cd8 00007ffa55358570
0x0000700001a61030:   0000000124306080 00007ffa56b93000
0x0000700001a61040:   00007ffa00001fa0 000000000000000a
0x0000700001a61050:   00007ffa56b93000 0000000000000000
0x0000700001a61060:   0000000000000022 0000000124306080 

Instructions: (pc=0x000000010d3af30c)
0x000000010d3af2ec:   30 c0 e9 d2 00 00 00 a8 02 75 f5 48 8b 47 08 f6
0x000000010d3af2fc:   40 1c 40 75 eb 48 89 f7 0f b7 48 24 48 8b 50 08
0x000000010d3af30c:   4c 8b 7c ca 50 0f b7 40 22 4c 8b 64 c2 50 4c 89
0x000000010d3af31c:   e6 4c 89 fa e8 99 3c f0 ff 48 85 c0 75 78 4d 85 

Register to memory mapping:

RAX=0x000000011fe9bf63 is pointing into metadata
RBX=0x00000007c0000f28 is pointing into metadata
RCX=0x0000000000006300 is an unknown value
RDX=0x030000000e000000 is an unknown value
RSP=0x0000700001a60e70 is pointing into the stack for thread: 0x00007ffa56b93000
RBP=0x0000700001a60e90 is pointing into the stack for thread: 0x00007ffa56b93000
RSI=0x0000000124306250 is pointing into metadata
RDI=0x0000000124306250 is pointing into metadata
R8 =0x0000000000000000 is an unknown value
R9 =0x00000007c0000f28 is pointing into metadata
R10=0x000000009debc815 is an unknown value
R11=0x00007ffa52c00000 is an unknown value
R12=0x000000011fe9bf40 is pointing into metadata
R13=0x000000011fe9bf80 is pointing into metadata
R14=0x0000000000000000 is an unknown value
R15=0x0000700001a60fa8 is pointing into the stack for thread: 0x00007ffa56b93000


Stack: [0x0000700001965000,0x0000700001a65000],  sp=0x0000700001a60e70,  free space=1007k
Native frames: (J=compiled Java code, j=interpreted, Vv=VM code, C=native code)
V  [libjvm.dylib+0x3af30c]  klassVtable::is_miranda(Method*, Array<Method*>*, Array<Method*>*, Klass*)+0x38
V  [libjvm.dylib+0x3af46e]  klassVtable::add_new_mirandas_to_lists(GrowableArray<Method*>*, GrowableArray<Method*>*, Array<Method*>*, Array<Method*>*, Array<Method*>*, Klass*)+0xa0
V  [libjvm.dylib+0x3af537]  klassVtable::get_mirandas(GrowableArray<Method*>*, GrowableArray<Method*>*, Klass*, Array<Method*>*, Array<Method*>*, Array<Klass*>*)+0x61
V  [libjvm.dylib+0x3ade4d]  klassVtable::compute_vtable_size_and_num_mirandas(int*, int*, GrowableArray<Method*>*, Klass*, Array<Method*>*, AccessFlags, Handle, Symbol*, Array<Klass*>*, Thread*)+0x1cb
V  [libjvm.dylib+0x18886a]  ClassFileParser::parseClassFile(Symbol*, ClassLoaderData*, Handle, KlassHandle, GrowableArray<Handle>*, TempNewSymbol&, bool, Thread*)+0xee6
V  [libjvm.dylib+0x5345db]  SystemDictionary::resolve_from_stream(Symbol*, Handle, Handle, ClassFileStream*, bool, Thread*)+0xff
V  [libjvm.dylib+0x34e802]  jvm_define_class_common(JNIEnv_*, char const*, _jobject*, signed char const*, int, _jobject*, char const*, unsigned char, Thread*)+0x23a
V  [libjvm.dylib+0x34e996]  JVM_DefineClassWithSource+0x77
C  [libjava.dylib+0x2e96]  Java_java_lang_ClassLoader_defineClass1+0x199
J 597  java.lang.ClassLoader.defineClass1(Ljava/lang/String;[BIILjava/security/ProtectionDomain;Ljava/lang/String;)Ljava/lang/Class; (0 bytes) @ 0x000000010e233e0b [0x000000010e233d00+0x10b]
J 516 C1 java.lang.ClassLoader.defineClass(Ljava/lang/String;[BIILjava/security/ProtectionDomain;)Ljava/lang/Class; (43 bytes) @ 0x000000010e1fbb9c [0x000000010e1fb5c0+0x5dc]
J 334 C1 java.net.URLClassLoader.defineClass(Ljava/lang/String;Lsun/misc/Resource;)Ljava/lang/Class; (142 bytes) @ 0x000000010e156a24 [0x000000010e154ec0+0x1b64]
J 273 C1 java.net.URLClassLoader$1.run()Ljava/lang/Class; (63 bytes) @ 0x000000010e12d574 [0x000000010e12d2a0+0x2d4]
J 272 C1 java.net.URLClassLoader$1.run()Ljava/lang/Object; (5 bytes) @ 0x000000010e12cf0c [0x000000010e12ce80+0x8c]
v  ~StubRoutines::call_stub
V  [libjvm.dylib+0x2ec1e6]  JavaCalls::call_helper(JavaValue*, methodHandle*, JavaCallArguments*, Thread*)+0x6ae
V  [libjvm.dylib+0x34c8e0]  JVM_DoPrivileged+0x4b8
J 271  java.security.AccessController.doPrivileged(Ljava/security/PrivilegedExceptionAction;Ljava/security/AccessControlContext;)Ljava/lang/Object; (0 bytes) @ 0x000000010e12cbd5 [0x000000010e12cb00+0xd5]
J 232 C1 java.net.URLClassLoader.findClass(Ljava/lang/String;)Ljava/lang/Class; (47 bytes) @ 0x000000010e112dd4 [0x000000010e112c40+0x194]
J 183 C1 java.lang.ClassLoader.loadClass(Ljava/lang/String;Z)Ljava/lang/Class; (122 bytes) @ 0x000000010e0fc484 [0x000000010e0fbb20+0x964]
J 265 C1 java.lang.ClassLoader.loadClass(Ljava/lang/String;)Ljava/lang/Class; (7 bytes) @ 0x000000010e129484 [0x000000010e129380+0x104]
v  ~StubRoutines::call_stub
V  [libjvm.dylib+0x2ec1e6]  JavaCalls::call_helper(JavaValue*, methodHandle*, JavaCallArguments*, Thread*)+0x6ae
V  [libjvm.dylib+0x2ec974]  JavaCalls::call_virtual(JavaValue*, KlassHandle, Symbol*, Symbol*, JavaCallArguments*, Thread*)+0x164
V  [libjvm.dylib+0x2ecacc]  JavaCalls::call_virtual(JavaValue*, Handle, KlassHandle, Symbol*, Symbol*, Handle, Thread*)+0x56
V  [libjvm.dylib+0x535480]  SystemDictionary::load_instance_class(Symbol*, Handle, Thread*)+0x2d8
V  [libjvm.dylib+0x534c19]  SystemDictionary::resolve_instance_class_or_null(Symbol*, Handle, Handle, Thread*)+0x48f
V  [libjvm.dylib+0x53569c]  SystemDictionary::resolve_or_null(Symbol*, Handle, Handle, Thread*)+0x106
V  [libjvm.dylib+0x535d19]  SystemDictionary::resolve_or_fail(Symbol*, Handle, Handle, bool, Thread*)+0x31
V  [libjvm.dylib+0x4cad88]  get_mirror_from_signature(methodHandle, SignatureStream*, Thread*)+0xbf
V  [libjvm.dylib+0x4caff3]  Reflection::get_parameter_types(methodHandle, int, oopDesc**, Thread*)+0x22f
V  [libjvm.dylib+0x4cb4c4]  Reflection::new_method(methodHandle, bool, bool, Thread*)+0xe8
V  [libjvm.dylib+0x34ab13]  get_class_declared_methods_helper(JNIEnv_*, _jclass*, unsigned char, bool, Klass*, Thread*)+0x431
V  [libjvm.dylib+0x34ad0b]  JVM_GetClassDeclaredMethods+0x5d
j  java.lang.Class.getDeclaredMethods0(Z)[Ljava/lang/reflect/Method;+0
J 887 C1 java.lang.Class.privateGetDeclaredMethods(Z)[Ljava/lang/reflect/Method; (67 bytes) @ 0x000000010e2c9f3c [0x000000010e2c9c20+0x31c]
j  java.lang.Class.getDeclaredMethods()[Ljava/lang/reflect/Method;+11
j  org.gradle.internal.service.DefaultServiceRegistry$RelevantMethodsBuilder.<init>(Ljava/lang/Class;)V+85
j  org.gradle.internal.service.DefaultServiceRegistry.buildRelevantMethods(Ljava/lang/Class;)Lorg/gradle/internal/service/DefaultServiceRegistry$RelevantMethods;+5
j  org.gradle.internal.service.DefaultServiceRegistry.getMethods(Ljava/lang/Class;)Lorg/gradle/internal/service/DefaultServiceRegistry$RelevantMethods;+19
j  org.gradle.internal.service.DefaultServiceRegistry.findProviderMethods(Ljava/lang/Object;)V+7
j  org.gradle.internal.service.DefaultServiceRegistry.<init>(Ljava/lang/String;Ljava/util/Collection;)V+202
j  org.gradle.internal.service.DefaultServiceRegistry.<init>(Ljava/lang/String;[Lorg/gradle/internal/service/ServiceRegistry;)V+6
j  org.gradle.internal.service.DefaultServiceRegistry.<init>([Lorg/gradle/internal/service/ServiceRegistry;)V+3
j  org.gradle.internal.service.scopes.BuildScopeServices.<init>(Lorg/gradle/internal/service/scopes/BuildSessionScopeServices;Z)V+9
j  org.gradle.internal.service.scopes.BuildScopeServices.forSession(Lorg/gradle/internal/service/scopes/BuildSessionScopeServices;)Lorg/gradle/internal/service/scopes/BuildScopeServices;+6
j  org.gradle.initialization.DefaultGradleLauncherFactory.newInstance(Lorg/gradle/StartParameter;Lorg/gradle/initialization/BuildRequestContext;Lorg/gradle/internal/service/ServiceRegistry;)Lorg/gradle/initialization/GradleLauncher;+45
j  org.gradle.launcher.exec.InProcessBuildActionExecuter.execute(Lorg/gradle/internal/invocation/BuildAction;Lorg/gradle/initialization/BuildRequestContext;Lorg/gradle/launcher/exec/BuildActionParameters;Lorg/gradle/internal/service/ServiceRegistry;)Ljava/lang/Object;+13
j  org.gradle.launcher.exec.InProcessBuildActionExecuter.execute(Lorg/gradle/internal/invocation/BuildAction;Lorg/gradle/initialization/BuildRequestContext;Ljava/lang/Object;Lorg/gradle/internal/service/ServiceRegistry;)Ljava/lang/Object;+9
j  org.gradle.launcher.exec.ContinuousBuildActionExecuter.execute(Lorg/gradle/internal/invocation/BuildAction;Lorg/gradle/initialization/BuildRequestContext;Lorg/gradle/launcher/exec/BuildActionParameters;Lorg/gradle/internal/service/ServiceRegistry;)Ljava/lang/Object;+114
j  org.gradle.launcher.exec.ContinuousBuildActionExecuter.execute(Lorg/gradle/internal/invocation/BuildAction;Lorg/gradle/initialization/BuildRequestContext;Ljava/lang/Object;Lorg/gradle/internal/service/ServiceRegistry;)Ljava/lang/Object;+9
j  org.gradle.launcher.daemon.server.exec.ExecuteBuild.doBuild(Lorg/gradle/launcher/daemon/server/api/DaemonCommandExecution;Lorg/gradle/launcher/daemon/protocol/Build;)V+74
j  org.gradle.launcher.daemon.server.exec.BuildCommandOnly.execute(Lorg/gradle/launcher/daemon/server/api/DaemonCommandExecution;)V+49
j  org.gradle.launcher.daemon.server.api.DaemonCommandExecution.proceed()Z+28
j  org.gradle.launcher.daemon.server.exec.WatchForDisconnection.execute(Lorg/gradle/launcher/daemon/server/api/DaemonCommandExecution;)V+19
j  org.gradle.launcher.daemon.server.api.DaemonCommandExecution.proceed()Z+28
j  org.gradle.launcher.daemon.server.exec.ResetDeprecationLogger.execute(Lorg/gradle/launcher/daemon/server/api/DaemonCommandExecution;)V+4
j  org.gradle.launcher.daemon.server.api.DaemonCommandExecution.proceed()Z+28
j  org.gradle.launcher.daemon.server.exec.RequestStopIfSingleUsedDaemon.execute(Lorg/gradle/launcher/daemon/server/api/DaemonCommandExecution;)V+31
j  org.gradle.launcher.daemon.server.api.DaemonCommandExecution.proceed()Z+28
j  org.gradle.launcher.daemon.server.exec.ForwardClientInput$2.call()Ljava/lang/Void;+4
j  org.gradle.launcher.daemon.server.exec.ForwardClientInput$2.call()Ljava/lang/Object;+1
j  org.gradle.util.Swapper.swap(Ljava/lang/Object;Ljava/util/concurrent/Callable;)Ljava/lang/Object;+21
j  org.gradle.launcher.daemon.server.exec.ForwardClientInput.execute(Lorg/gradle/launcher/daemon/server/api/DaemonCommandExecution;)V+63
j  org.gradle.launcher.daemon.server.api.DaemonCommandExecution.proceed()Z+28
j  org.gradle.launcher.daemon.server.health.DaemonHealthTracker.execute(Lorg/gradle/launcher/daemon/server/api/DaemonCommandExecution;)V+35
j  org.gradle.launcher.daemon.server.api.DaemonCommandExecution.proceed()Z+28
j  org.gradle.launcher.daemon.server.exec.LogToClient.doBuild(Lorg/gradle/launcher/daemon/server/api/DaemonCommandExecution;Lorg/gradle/launcher/daemon/protocol/Build;)V+87
j  org.gradle.launcher.daemon.server.exec.BuildCommandOnly.execute(Lorg/gradle/launcher/daemon/server/api/DaemonCommandExecution;)V+49
j  org.gradle.launcher.daemon.server.api.DaemonCommandExecution.proceed()Z+28
j  org.gradle.launcher.daemon.server.exec.EstablishBuildEnvironment.doBuild(Lorg/gradle/launcher/daemon/server/api/DaemonCommandExecution;Lorg/gradle/launcher/daemon/protocol/Build;)V+279
j  org.gradle.launcher.daemon.server.exec.BuildCommandOnly.execute(Lorg/gradle/launcher/daemon/server/api/DaemonCommandExecution;)V+49
j  org.gradle.launcher.daemon.server.api.DaemonCommandExecution.proceed()Z+28
j  org.gradle.launcher.daemon.server.health.HintGCAfterBuild.execute(Lorg/gradle/launcher/daemon/server/api/DaemonCommandExecution;)V+1
j  org.gradle.launcher.daemon.server.api.DaemonCommandExecution.proceed()Z+28
j  org.gradle.launcher.daemon.server.exec.StartBuildOrRespondWithBusy$1.run()V+44
j  org.gradle.launcher.daemon.server.DaemonStateCoordinator$1.run()V+4
j  org.gradle.internal.concurrent.ExecutorPolicy$CatchAndRecordFailures.onExecute(Ljava/lang/Runnable;)V+1
j  org.gradle.internal.concurrent.StoppableExecutorImpl$1.run()V+25
j  java.util.concurrent.ThreadPoolExecutor.runWorker(Ljava/util/concurrent/ThreadPoolExecutor$Worker;)V+95
j  java.util.concurrent.ThreadPoolExecutor$Worker.run()V+5
j  java.lang.Thread.run()V+11
v  ~StubRoutines::call_stub
V  [libjvm.dylib+0x2ec1e6]  JavaCalls::call_helper(JavaValue*, methodHandle*, JavaCallArguments*, Thread*)+0x6ae
V  [libjvm.dylib+0x2ec974]  JavaCalls::call_virtual(JavaValue*, KlassHandle, Symbol*, Symbol*, JavaCallArguments*, Thread*)+0x164
V  [libjvm.dylib+0x2ecb20]  JavaCalls::call_virtual(JavaValue*, Handle, KlassHandle, Symbol*, Symbol*, Thread*)+0x4a
V  [libjvm.dylib+0x34726d]  thread_entry(JavaThread*, Thread*)+0x7c
V  [libjvm.dylib+0x563d17]  JavaThread::thread_main_inner()+0x9b
V  [libjvm.dylib+0x565412]  JavaThread::run()+0x1c2
V  [libjvm.dylib+0x484f82]  java_start(Thread*)+0xf6
C  [libsystem_pthread.dylib+0x399d]  _pthread_body+0x83
C  [libsystem_pthread.dylib+0x391a]  _pthread_body+0x0
C  [libsystem_pthread.dylib+0x1351]  thread_start+0xd
C  0x0000000000000000

Java frames: (J=compiled Java code, j=interpreted, Vv=VM code)
J 597  java.lang.ClassLoader.defineClass1(Ljava/lang/String;[BIILjava/security/ProtectionDomain;Ljava/lang/String;)Ljava/lang/Class; (0 bytes) @ 0x000000010e233d91 [0x000000010e233d00+0x91]
J 516 C1 java.lang.ClassLoader.defineClass(Ljava/lang/String;[BIILjava/security/ProtectionDomain;)Ljava/lang/Class; (43 bytes) @ 0x000000010e1fbb9c [0x000000010e1fb5c0+0x5dc]
J 334 C1 java.net.URLClassLoader.defineClass(Ljava/lang/String;Lsun/misc/Resource;)Ljava/lang/Class; (142 bytes) @ 0x000000010e156a24 [0x000000010e154ec0+0x1b64]
J 273 C1 java.net.URLClassLoader$1.run()Ljava/lang/Class; (63 bytes) @ 0x000000010e12d574 [0x000000010e12d2a0+0x2d4]
J 272 C1 java.net.URLClassLoader$1.run()Ljava/lang/Object; (5 bytes) @ 0x000000010e12cf0c [0x000000010e12ce80+0x8c]
v  ~StubRoutines::call_stub
J 271  java.security.AccessController.doPrivileged(Ljava/security/PrivilegedExceptionAction;Ljava/security/AccessControlContext;)Ljava/lang/Object; (0 bytes) @ 0x000000010e12cb63 [0x000000010e12cb00+0x63]
J 232 C1 java.net.URLClassLoader.findClass(Ljava/lang/String;)Ljava/lang/Class; (47 bytes) @ 0x000000010e112dd4 [0x000000010e112c40+0x194]
J 183 C1 java.lang.ClassLoader.loadClass(Ljava/lang/String;Z)Ljava/lang/Class; (122 bytes) @ 0x000000010e0fc484 [0x000000010e0fbb20+0x964]
J 265 C1 java.lang.ClassLoader.loadClass(Ljava/lang/String;)Ljava/lang/Class; (7 bytes) @ 0x000000010e129484 [0x000000010e129380+0x104]
v  ~StubRoutines::call_stub
j  java.lang.Class.getDeclaredMethods0(Z)[Ljava/lang/reflect/Method;+0
J 887 C1 java.lang.Class.privateGetDeclaredMethods(Z)[Ljava/lang/reflect/Method; (67 bytes) @ 0x000000010e2c9f3c [0x000000010e2c9c20+0x31c]
j  java.lang.Class.getDeclaredMethods()[Ljava/lang/reflect/Method;+11
j  org.gradle.internal.service.DefaultServiceRegistry$RelevantMethodsBuilder.<init>(Ljava/lang/Class;)V+85
j  org.gradle.internal.service.DefaultServiceRegistry.buildRelevantMethods(Ljava/lang/Class;)Lorg/gradle/internal/service/DefaultServiceRegistry$RelevantMethods;+5
j  org.gradle.internal.service.DefaultServiceRegistry.getMethods(Ljava/lang/Class;)Lorg/gradle/internal/service/DefaultServiceRegistry$RelevantMethods;+19
j  org.gradle.internal.service.DefaultServiceRegistry.findProviderMethods(Ljava/lang/Object;)V+7
j  org.gradle.internal.service.DefaultServiceRegistry.<init>(Ljava/lang/String;Ljava/util/Collection;)V+202
j  org.gradle.internal.service.DefaultServiceRegistry.<init>(Ljava/lang/String;[Lorg/gradle/internal/service/ServiceRegistry;)V+6
j  org.gradle.internal.service.DefaultServiceRegistry.<init>([Lorg/gradle/internal/service/ServiceRegistry;)V+3
j  org.gradle.internal.service.scopes.BuildScopeServices.<init>(Lorg/gradle/internal/service/scopes/BuildSessionScopeServices;Z)V+9
j  org.gradle.internal.service.scopes.BuildScopeServices.forSession(Lorg/gradle/internal/service/scopes/BuildSessionScopeServices;)Lorg/gradle/internal/service/scopes/BuildScopeServices;+6
j  org.gradle.initialization.DefaultGradleLauncherFactory.newInstance(Lorg/gradle/StartParameter;Lorg/gradle/initialization/BuildRequestContext;Lorg/gradle/internal/service/ServiceRegistry;)Lorg/gradle/initialization/GradleLauncher;+45
j  org.gradle.launcher.exec.InProcessBuildActionExecuter.execute(Lorg/gradle/internal/invocation/BuildAction;Lorg/gradle/initialization/BuildRequestContext;Lorg/gradle/launcher/exec/BuildActionParameters;Lorg/gradle/internal/service/ServiceRegistry;)Ljava/lang/Object;+13
j  org.gradle.launcher.exec.InProcessBuildActionExecuter.execute(Lorg/gradle/internal/invocation/BuildAction;Lorg/gradle/initialization/BuildRequestContext;Ljava/lang/Object;Lorg/gradle/internal/service/ServiceRegistry;)Ljava/lang/Object;+9
j  org.gradle.launcher.exec.ContinuousBuildActionExecuter.execute(Lorg/gradle/internal/invocation/BuildAction;Lorg/gradle/initialization/BuildRequestContext;Lorg/gradle/launcher/exec/BuildActionParameters;Lorg/gradle/internal/service/ServiceRegistry;)Ljava/lang/Object;+114
j  org.gradle.launcher.exec.ContinuousBuildActionExecuter.execute(Lorg/gradle/internal/invocation/BuildAction;Lorg/gradle/initialization/BuildRequestContext;Ljava/lang/Object;Lorg/gradle/internal/service/ServiceRegistry;)Ljava/lang/Object;+9
j  org.gradle.launcher.daemon.server.exec.ExecuteBuild.doBuild(Lorg/gradle/launcher/daemon/server/api/DaemonCommandExecution;Lorg/gradle/launcher/daemon/protocol/Build;)V+74
j  org.gradle.launcher.daemon.server.exec.BuildCommandOnly.execute(Lorg/gradle/launcher/daemon/server/api/DaemonCommandExecution;)V+49
j  org.gradle.launcher.daemon.server.api.DaemonCommandExecution.proceed()Z+28
j  org.gradle.launcher.daemon.server.exec.WatchForDisconnection.execute(Lorg/gradle/launcher/daemon/server/api/DaemonCommandExecution;)V+19
j  org.gradle.launcher.daemon.server.api.DaemonCommandExecution.proceed()Z+28
j  org.gradle.launcher.daemon.server.exec.ResetDeprecationLogger.execute(Lorg/gradle/launcher/daemon/server/api/DaemonCommandExecution;)V+4
j  org.gradle.launcher.daemon.server.api.DaemonCommandExecution.proceed()Z+28
j  org.gradle.launcher.daemon.server.exec.RequestStopIfSingleUsedDaemon.execute(Lorg/gradle/launcher/daemon/server/api/DaemonCommandExecution;)V+31
j  org.gradle.launcher.daemon.server.api.DaemonCommandExecution.proceed()Z+28
j  org.gradle.launcher.daemon.server.exec.ForwardClientInput$2.call()Ljava/lang/Void;+4
j  org.gradle.launcher.daemon.server.exec.ForwardClientInput$2.call()Ljava/lang/Object;+1
j  org.gradle.util.Swapper.swap(Ljava/lang/Object;Ljava/util/concurrent/Callable;)Ljava/lang/Object;+21
j  org.gradle.launcher.daemon.server.exec.ForwardClientInput.execute(Lorg/gradle/launcher/daemon/server/api/DaemonCommandExecution;)V+63
j  org.gradle.launcher.daemon.server.api.DaemonCommandExecution.proceed()Z+28
j  org.gradle.launcher.daemon.server.health.DaemonHealthTracker.execute(Lorg/gradle/launcher/daemon/server/api/DaemonCommandExecution;)V+35
j  org.gradle.launcher.daemon.server.api.DaemonCommandExecution.proceed()Z+28
j  org.gradle.launcher.daemon.server.exec.LogToClient.doBuild(Lorg/gradle/launcher/daemon/server/api/DaemonCommandExecution;Lorg/gradle/launcher/daemon/protocol/Build;)V+87
j  org.gradle.launcher.daemon.server.exec.BuildCommandOnly.execute(Lorg/gradle/launcher/daemon/server/api/DaemonCommandExecution;)V+49
j  org.gradle.launcher.daemon.server.api.DaemonCommandExecution.proceed()Z+28
j  org.gradle.launcher.daemon.server.exec.EstablishBuildEnvironment.doBuild(Lorg/gradle/launcher/daemon/server/api/DaemonCommandExecution;Lorg/gradle/launcher/daemon/protocol/Build;)V+279
j  org.gradle.launcher.daemon.server.exec.BuildCommandOnly.execute(Lorg/gradle/launcher/daemon/server/api/DaemonCommandExecution;)V+49
j  org.gradle.launcher.daemon.server.api.DaemonCommandExecution.proceed()Z+28
j  org.gradle.launcher.daemon.server.health.HintGCAfterBuild.execute(Lorg/gradle/launcher/daemon/server/api/DaemonCommandExecution;)V+1
j  org.gradle.launcher.daemon.server.api.DaemonCommandExecution.proceed()Z+28
j  org.gradle.launcher.daemon.server.exec.StartBuildOrRespondWithBusy$1.run()V+44
j  org.gradle.launcher.daemon.server.DaemonStateCoordinator$1.run()V+4
j  org.gradle.internal.concurrent.ExecutorPolicy$CatchAndRecordFailures.onExecute(Ljava/lang/Runnable;)V+1
j  org.gradle.internal.concurrent.StoppableExecutorImpl$1.run()V+25
j  java.util.concurrent.ThreadPoolExecutor.runWorker(Ljava/util/concurrent/ThreadPoolExecutor$Worker;)V+95
j  java.util.concurrent.ThreadPoolExecutor$Worker.run()V+5
j  java.lang.Thread.run()V+11
v  ~StubRoutines::call_stub

---------------  P R O C E S S  ---------------

Java Threads: ( => current thread )
  0x00007ffa53988800 JavaThread "Stdin handler" [_thread_blocked, id=25347, stack(0x0000700001b6b000,0x0000700001c6b000)]
  0x00007ffa56bb0800 JavaThread "Asynchronous log dispatcher for org.gradle.launcher.daemon.server.DefaultDaemonConnection@1c52c148" [_thread_blocked, id=24835, stack(0x0000700001a68000,0x0000700001b68000)]
=>0x00007ffa56b93000 JavaThread "Daemon worker" [_thread_in_vm, id=24323, stack(0x0000700001965000,0x0000700001a65000)]
  0x00007ffa54bf1000 JavaThread "Cancel handler" [_thread_blocked, id=23811, stack(0x0000700001862000,0x0000700001962000)]
  0x00007ffa53960800 JavaThread "Handler for socket connection from /127.0.0.1:52095 to /127.0.0.1:52096" [_thread_in_native, id=23299, stack(0x000070000175f000,0x000070000185f000)]
  0x00007ffa56ba6800 JavaThread "Daemon" [_thread_blocked, id=22787, stack(0x000070000165c000,0x000070000175c000)]
  0x00007ffa54b45000 JavaThread "Incoming local TCP Connector on port 52095" [_thread_in_native, id=22275, stack(0x0000700001559000,0x0000700001659000)]
  0x00007ffa53802800 JavaThread "Service Thread" daemon [_thread_blocked, id=21251, stack(0x0000700001353000,0x0000700001453000)]
  0x00007ffa54826800 JavaThread "C1 CompilerThread3" daemon [_thread_blocked, id=20739, stack(0x0000700001250000,0x0000700001350000)]
  0x00007ffa53824800 JavaThread "C2 CompilerThread2" daemon [_thread_blocked, id=20227, stack(0x000070000114d000,0x000070000124d000)]
  0x00007ffa54826000 JavaThread "C2 CompilerThread1" daemon [_thread_blocked, id=19715, stack(0x000070000104a000,0x000070000114a000)]
  0x00007ffa5680f800 JavaThread "C2 CompilerThread0" daemon [_thread_blocked, id=19203, stack(0x0000700000f47000,0x0000700001047000)]
  0x00007ffa5680c000 JavaThread "Signal Dispatcher" daemon [_thread_blocked, id=15887, stack(0x0000700000e44000,0x0000700000f44000)]
  0x00007ffa54811000 JavaThread "Finalizer" daemon [_thread_blocked, id=14339, stack(0x0000700000c3b000,0x0000700000d3b000)]
  0x00007ffa5480e800 JavaThread "Reference Handler" daemon [_thread_blocked, id=13827, stack(0x0000700000b38000,0x0000700000c38000)]
  0x00007ffa53801800 JavaThread "main" [_thread_blocked, id=5891, stack(0x000070000011a000,0x000070000021a000)]

Other Threads:
  0x00007ffa53832000 VMThread [stack: 0x0000700000a35000,0x0000700000b35000] [id=13315]
  0x00007ffa53037000 WatcherThread [stack: 0x0000700001456000,0x0000700001556000] [id=21763]

VM state:not at safepoint (normal execution)

VM Mutex/Monitor currently owned by a thread: None

Heap:
 PSYoungGen      total 76288K, used 54299K [0x00000007aab00000, 0x00000007b0000000, 0x00000007c0000000)
  eden space 65536K, 82% used [0x00000007aab00000,0x00000007ae006e30,0x00000007aeb00000)
  from space 10752K, 0% used [0x00000007af580000,0x00000007af580000,0x00000007b0000000)
  to   space 10752K, 0% used [0x00000007aeb00000,0x00000007aeb00000,0x00000007af580000)
 ParOldGen       total 175104K, used 0K [0x0000000780000000, 0x000000078ab00000, 0x00000007aab00000)
  object space 175104K, 0% used [0x0000000780000000,0x0000000780000000,0x000000078ab00000)
 Metaspace       used 10624K, capacity 11000K, committed 11136K, reserved 1058816K
  class space    used 1423K, capacity 1558K, committed 1664K, reserved 1048576K

Card table byte_map: [0x000000011d354000,0x000000011d555000] byte_map_base: 0x0000000119754000

Marking Bits: (ParMarkBitMap*) 0x000000010d8e6eb0
 Begin Bits: [0x000000011d6ab000, 0x000000011e6ab000)
 End Bits:   [0x000000011e6ab000, 0x000000011f6ab000)

Polling page: 0x000000010bf98000

CodeCache: size=245760Kb used=3534Kb max_used=3548Kb free=242225Kb
 bounds [0x000000010df94000, 0x000000010e314000, 0x000000011cf94000]
 total_blobs=1316 nmethods=978 adapters=252
 compilation: enabled

Compilation events (10 events):
Event: 0.659 Thread 0x00007ffa54826800 nmethod 973 0x000000010e3042d0 code [0x000000010e304440, 0x000000010e304608]
Event: 0.661 Thread 0x00007ffa54826800  974   !   3       java.nio.CharBuffer::wrap (20 bytes)
Event: 0.661 Thread 0x00007ffa54826800 nmethod 974 0x000000010e3046d0 code [0x000000010e304860, 0x000000010e304c18]
Event: 0.661 Thread 0x00007ffa54826800  976       3       java.util.Calendar::setFieldsComputed (117 bytes)
Event: 0.661 Thread 0x00007ffa54826800 nmethod 976 0x000000010e304e90 code [0x000000010e305040, 0x000000010e305510]
Event: 0.661 Thread 0x00007ffa54826800  975       3       java.nio.HeapCharBuffer::<init> (14 bytes)
Event: 0.662 Thread 0x00007ffa54826800 nmethod 975 0x000000010e305850 code [0x000000010e3059c0, 0x000000010e305c08]
Event: 0.664 Thread 0x00007ffa54826800  977       3       java.util.AbstractList::listIterator (6 bytes)
Event: 0.664 Thread 0x00007ffa54826800 nmethod 977 0x000000010e305d50 code [0x000000010e305ec0, 0x000000010e3060c8]
Event: 0.667 Thread 0x00007ffa5680f800  978       4       java.util.HashMap::putVal (300 bytes)

GC Heap History (0 events):
No events

Deoptimization events (10 events):
Event: 0.412 Thread 0x00007ffa53801800 Uncommon trap: reason=bimorphic action=maybe_recompile pc=0x000000010e1c71bc method=java.util.regex.Pattern$Slice.match(Ljava/util/regex/Matcher;ILjava/lang/CharSequence;)Z @ 75
Event: 0.430 Thread 0x00007ffa53801800 Uncommon trap: reason=class_check action=maybe_recompile pc=0x000000010e1c70f0 method=java.util.regex.Matcher.match(II)Z @ 86
Event: 0.446 Thread 0x00007ffa53801800 Uncommon trap: reason=class_check action=maybe_recompile pc=0x000000010e1c70f0 method=java.util.regex.Matcher.match(II)Z @ 86
Event: 0.446 Thread 0x00007ffa53801800 Uncommon trap: reason=bimorphic action=maybe_recompile pc=0x000000010e1c71bc method=java.util.regex.Pattern$Slice.match(Ljava/util/regex/Matcher;ILjava/lang/CharSequence;)Z @ 75
Event: 0.455 Thread 0x00007ffa53801800 Uncommon trap: reason=class_check action=maybe_recompile pc=0x000000010e1c70f0 method=java.util.regex.Matcher.match(II)Z @ 86
Event: 0.518 Thread 0x00007ffa53801800 Uncommon trap: reason=unstable_if action=reinterpret pc=0x000000010e1da104 method=java.lang.String.substring(I)Ljava/lang/String; @ 35
Event: 0.552 Thread 0x00007ffa53801800 Uncommon trap: reason=bimorphic action=maybe_recompile pc=0x000000010e1e89ec method=java.util.HashMap.putVal(ILjava/lang/Object;Ljava/lang/Object;ZZ)Ljava/lang/Object; @ 91
Event: 0.554 Thread 0x00007ffa53801800 Uncommon trap: reason=bimorphic action=maybe_recompile pc=0x000000010e1e89ec method=java.util.HashMap.putVal(ILjava/lang/Object;Ljava/lang/Object;ZZ)Ljava/lang/Object; @ 91
Event: 0.651 Thread 0x00007ffa56b93000 Uncommon trap: reason=bimorphic action=maybe_recompile pc=0x000000010e1e89ec method=java.util.HashMap.putVal(ILjava/lang/Object;Ljava/lang/Object;ZZ)Ljava/lang/Object; @ 91
Event: 0.651 Thread 0x00007ffa56b93000 Uncommon trap: reason=bimorphic action=maybe_recompile pc=0x000000010e1e89ec method=java.util.HashMap.putVal(ILjava/lang/Object;Ljava/lang/Object;ZZ)Ljava/lang/Object; @ 91

Internal exceptions (10 events):
Event: 0.610 Thread 0x00007ffa53960800 Exception <a 'java/lang/NoSuchMethodError': <clinit>> (0x00000007ada04500) thrown at [/Users/java_re/workspace/8-2-build-macosx-x86_64/jdk8u91/6644/hotspot/src/share/vm/prims/jni.cpp, line 1613]
Event: 0.612 Thread 0x00007ffa53960800 Exception <a 'java/lang/NoSuchMethodError': <clinit>> (0x00000007ada22a38) thrown at [/Users/java_re/workspace/8-2-build-macosx-x86_64/jdk8u91/6644/hotspot/src/share/vm/prims/jni.cpp, line 1613]
Event: 0.614 Thread 0x00007ffa53960800 Exception <a 'java/lang/NoSuchMethodError': <clinit>> (0x00000007ada36028) thrown at [/Users/java_re/workspace/8-2-build-macosx-x86_64/jdk8u91/6644/hotspot/src/share/vm/prims/jni.cpp, line 1613]
Event: 0.618 Thread 0x00007ffa53960800 Exception <a 'java/lang/NoSuchMethodError': <clinit>> (0x00000007ada56cf0) thrown at [/Users/java_re/workspace/8-2-build-macosx-x86_64/jdk8u91/6644/hotspot/src/share/vm/prims/jni.cpp, line 1613]
Event: 0.620 Thread 0x00007ffa53960800 Exception <a 'java/lang/NoSuchMethodError': <clinit>> (0x00000007ada740c8) thrown at [/Users/java_re/workspace/8-2-build-macosx-x86_64/jdk8u91/6644/hotspot/src/share/vm/prims/jni.cpp, line 1613]
Event: 0.623 Thread 0x00007ffa53960800 Exception <a 'java/lang/NoSuchMethodError': <clinit>> (0x00000007ada9f5e8) thrown at [/Users/java_re/workspace/8-2-build-macosx-x86_64/jdk8u91/6644/hotspot/src/share/vm/prims/jni.cpp, line 1613]
Event: 0.625 Thread 0x00007ffa53960800 Exception <a 'java/lang/NoSuchMethodError': <clinit>> (0x00000007adac4a78) thrown at [/Users/java_re/workspace/8-2-build-macosx-x86_64/jdk8u91/6644/hotspot/src/share/vm/prims/jni.cpp, line 1613]
Event: 0.641 Thread 0x00007ffa56b93000 Exception <a 'java/lang/NoSuchMethodError': <clinit>> (0x00000007adc3dc48) thrown at [/Users/java_re/workspace/8-2-build-macosx-x86_64/jdk8u91/6644/hotspot/src/share/vm/prims/jni.cpp, line 1613]
Event: 0.642 Thread 0x00007ffa56b93000 Exception <a 'java/lang/NoSuchMethodError': <clinit>> (0x00000007adc45e68) thrown at [/Users/java_re/workspace/8-2-build-macosx-x86_64/jdk8u91/6644/hotspot/src/share/vm/prims/jni.cpp, line 1613]
Event: 0.665 Thread 0x00007ffa56b93000 Exception <a 'java/lang/ArrayIndexOutOfBoundsException'> (0x00000007adf4bb38) thrown at [/Users/java_re/workspace/8-2-build-macosx-x86_64/jdk8u91/6644/hotspot/src/share/vm/runtime/sharedRuntime.cpp, line 605]

Events (10 events):
Event: 0.671 loading class org/gradle/api/internal/project/ProjectRegistry
Event: 0.671 loading class org/gradle/api/internal/project/ProjectRegistry done
Event: 0.671 loading class org/gradle/groovy/scripts/internal/FileCacheBackedScriptClassCompiler
Event: 0.671 loading class org/gradle/groovy/scripts/internal/FileCacheBackedScriptClassCompiler done
Event: 0.671 loading class org/gradle/initialization/InitScriptHandler
Event: 0.671 loading class org/gradle/initialization/InitScriptHandler done
Event: 0.671 loading class org/gradle/profile/ProfileEventAdapter
Event: 0.671 loading class org/gradle/profile/ProfileEventAdapter done
Event: 0.671 loading class org/gradle/initialization/BuildCompletionListener
Event: 0.671 loading class org/gradle/initialization/BuildCompletionListener done


Dynamic libraries:
0x000000000a9f3000 	/System/Library/Frameworks/Cocoa.framework/Versions/A/Cocoa
0x000000000a9f3000 	/System/Library/Frameworks/Security.framework/Versions/A/Security
0x000000000a9f3000 	/System/Library/Frameworks/ApplicationServices.framework/Versions/A/ApplicationServices
0x000000000a9f3000 	/usr/lib/libz.1.dylib
0x000000000a9f3000 	/usr/lib/libSystem.B.dylib
0x000000000a9f3000 	/usr/lib/libobjc.A.dylib
0x000000000a9f3000 	/System/Library/Frameworks/CoreFoundation.framework/Versions/A/CoreFoundation
0x000000000a9f3000 	/System/Library/Frameworks/Foundation.framework/Versions/C/Foundation
0x000000000a9f3000 	/System/Library/Frameworks/AppKit.framework/Versions/C/AppKit
0x000000000a9f3000 	/System/Library/Frameworks/CoreData.framework/Versions/A/CoreData
0x000000000a9f3000 	/System/Library/PrivateFrameworks/RemoteViewServices.framework/Versions/A/RemoteViewServices
0x000000000a9f3000 	/System/Library/PrivateFrameworks/UIFoundation.framework/Versions/A/UIFoundation
0x000000000a9f3000 	/usr/lib/libScreenReader.dylib
0x000000000a9f3000 	/System/Library/Frameworks/Accelerate.framework/Versions/A/Accelerate
0x000000000a9f3000 	/System/Library/Frameworks/IOSurface.framework/Versions/A/IOSurface
0x000000000a9f3000 	/System/Library/Frameworks/AudioToolbox.framework/Versions/A/AudioToolbox
0x000000000a9f3000 	/System/Library/Frameworks/AudioUnit.framework/Versions/A/AudioUnit
0x000000000a9f3000 	/System/Library/PrivateFrameworks/DataDetectorsCore.framework/Versions/A/DataDetectorsCore
0x000000000a9f3000 	/System/Library/PrivateFrameworks/DesktopServicesPriv.framework/Versions/A/DesktopServicesPriv
0x000000000a9f3000 	/System/Library/Frameworks/Carbon.framework/Versions/A/Frameworks/HIToolbox.framework/Versions/A/HIToolbox
0x000000000a9f3000 	/System/Library/Frameworks/QuartzCore.framework/Versions/A/QuartzCore
0x000000000a9f3000 	/System/Library/Frameworks/Carbon.framework/Versions/A/Frameworks/SpeechRecognition.framework/Versions/A/SpeechRecognition
0x000000000a9f3000 	/usr/lib/libauto.dylib
0x000000000a9f3000 	/usr/lib/libicucore.A.dylib
0x000000000a9f3000 	/usr/lib/libxml2.2.dylib
0x000000000a9f3000 	/System/Library/PrivateFrameworks/CoreUI.framework/Versions/A/CoreUI
0x000000000a9f3000 	/System/Library/Frameworks/CoreAudio.framework/Versions/A/CoreAudio
0x000000000a9f3000 	/System/Library/Frameworks/DiskArbitration.framework/Versions/A/DiskArbitration
0x000000000a9f3000 	/usr/lib/liblangid.dylib
0x000000000a9f3000 	/System/Library/PrivateFrameworks/MultitouchSupport.framework/Versions/A/MultitouchSupport
0x000000000a9f3000 	/System/Library/Frameworks/IOKit.framework/Versions/A/IOKit
0x000000000a9f3000 	/usr/lib/libDiagnosticMessagesClient.dylib
0x000000000a9f3000 	/System/Library/Frameworks/CoreServices.framework/Versions/A/CoreServices
0x000000000a9f3000 	/System/Library/PrivateFrameworks/PerformanceAnalysis.framework/Versions/A/PerformanceAnalysis
0x000000000a9f3000 	/System/Library/PrivateFrameworks/GenerationalStorage.framework/Versions/A/GenerationalStorage
0x000000000a9f3000 	/System/Library/Frameworks/OpenGL.framework/Versions/A/OpenGL
0x000000000a9f3000 	/System/Library/PrivateFrameworks/Sharing.framework/Versions/A/Sharing
0x000000000a9f3000 	/System/Library/Frameworks/CoreGraphics.framework/Versions/A/CoreGraphics
0x000000000a9f3000 	/System/Library/Frameworks/CoreImage.framework/Versions/A/CoreImage
0x000000000a9f3000 	/System/Library/Frameworks/CoreText.framework/Versions/A/CoreText
0x000000000a9f3000 	/System/Library/Frameworks/ImageIO.framework/Versions/A/ImageIO
0x000000000a9f3000 	/System/Library/PrivateFrameworks/Backup.framework/Versions/A/Backup
0x000000000a9f3000 	/usr/lib/libextension.dylib
0x000000000a9f3000 	/usr/lib/libarchive.2.dylib
0x000000000a9f3000 	/System/Library/Frameworks/CFNetwork.framework/Versions/A/CFNetwork
0x000000000a9f3000 	/System/Library/Frameworks/SystemConfiguration.framework/Versions/A/SystemConfiguration
0x000000000a9f3000 	/usr/lib/libCRFSuite.dylib
0x000000000a9f3000 	/usr/lib/libc++.1.dylib
0x000000000a9f3000 	/usr/lib/libc++abi.dylib
0x000000000a9f3000 	/usr/lib/system/libcache.dylib
0x000000000a9f3000 	/usr/lib/system/libcommonCrypto.dylib
0x000000000a9f3000 	/usr/lib/system/libcompiler_rt.dylib
0x000000000a9f3000 	/usr/lib/system/libcopyfile.dylib
0x000000000a9f3000 	/usr/lib/system/libcorecrypto.dylib
0x000000000a9f3000 	/usr/lib/system/libdispatch.dylib
0x000000000a9f3000 	/usr/lib/system/libdyld.dylib
0x000000000a9f3000 	/usr/lib/system/libkeymgr.dylib
0x000000000a9f3000 	/usr/lib/system/liblaunch.dylib
0x000000000a9f3000 	/usr/lib/system/libmacho.dylib
0x000000000a9f3000 	/usr/lib/system/libquarantine.dylib
0x000000000a9f3000 	/usr/lib/system/libremovefile.dylib
0x000000000a9f3000 	/usr/lib/system/libsystem_asl.dylib
0x000000000a9f3000 	/usr/lib/system/libsystem_blocks.dylib
0x000000000a9f3000 	/usr/lib/system/libsystem_c.dylib
0x000000000a9f3000 	/usr/lib/system/libsystem_configuration.dylib
0x000000000a9f3000 	/usr/lib/system/libsystem_coreservices.dylib
0x000000000a9f3000 	/usr/lib/system/libsystem_coretls.dylib
0x000000000a9f3000 	/usr/lib/system/libsystem_dnssd.dylib
0x000000000a9f3000 	/usr/lib/system/libsystem_info.dylib
0x000000000a9f3000 	/usr/lib/system/libsystem_kernel.dylib
0x000000000a9f3000 	/usr/lib/system/libsystem_m.dylib
0x000000000a9f3000 	/usr/lib/system/libsystem_malloc.dylib
0x000000000a9f3000 	/usr/lib/system/libsystem_network.dylib
0x000000000a9f3000 	/usr/lib/system/libsystem_networkextension.dylib
0x000000000a9f3000 	/usr/lib/system/libsystem_notify.dylib
0x000000000a9f3000 	/usr/lib/system/libsystem_platform.dylib
0x000000000a9f3000 	/usr/lib/system/libsystem_pthread.dylib
0x000000000a9f3000 	/usr/lib/system/libsystem_sandbox.dylib
0x000000000a9f3000 	/usr/lib/system/libsystem_secinit.dylib
0x000000000a9f3000 	/usr/lib/system/libsystem_trace.dylib
0x000000000a9f3000 	/usr/lib/system/libunc.dylib
0x000000000a9f3000 	/usr/lib/system/libunwind.dylib
0x000000000a9f3000 	/usr/lib/system/libxpc.dylib
0x000000000a9f3000 	/usr/lib/libenergytrace.dylib
0x000000000a9f3000 	/usr/lib/libbsm.0.dylib
0x000000000a9f3000 	/usr/lib/system/libkxld.dylib
0x000000000a9f3000 	/usr/lib/libxar.1.dylib
0x000000000a9f3000 	/usr/lib/libsqlite3.dylib
0x000000000a9f3000 	/usr/lib/libpam.2.dylib
0x000000000a9f3000 	/usr/lib/libOpenScriptingUtil.dylib
0x000000000a9f3000 	/usr/lib/libbz2.1.0.dylib
0x000000000a9f3000 	/usr/lib/liblzma.5.dylib
0x000000000a9f3000 	/System/Library/Frameworks/CoreServices.framework/Versions/A/Frameworks/FSEvents.framework/Versions/A/FSEvents
0x000000000a9f3000 	/System/Library/Frameworks/CoreServices.framework/Versions/A/Frameworks/CarbonCore.framework/Versions/A/CarbonCore
0x000000000a9f3000 	/System/Library/Frameworks/CoreServices.framework/Versions/A/Frameworks/Metadata.framework/Versions/A/Metadata
0x000000000a9f3000 	/System/Library/Frameworks/CoreServices.framework/Versions/A/Frameworks/OSServices.framework/Versions/A/OSServices
0x000000000a9f3000 	/System/Library/Frameworks/CoreServices.framework/Versions/A/Frameworks/SearchKit.framework/Versions/A/SearchKit
0x000000000a9f3000 	/System/Library/Frameworks/CoreServices.framework/Versions/A/Frameworks/AE.framework/Versions/A/AE
0x000000000a9f3000 	/System/Library/Frameworks/CoreServices.framework/Versions/A/Frameworks/LaunchServices.framework/Versions/A/LaunchServices
0x000000000a9f3000 	/System/Library/Frameworks/CoreServices.framework/Versions/A/Frameworks/DictionaryServices.framework/Versions/A/DictionaryServices
0x000000000a9f3000 	/System/Library/Frameworks/CoreServices.framework/Versions/A/Frameworks/SharedFileList.framework/Versions/A/SharedFileList
0x000000000a9f3000 	/System/Library/Frameworks/NetFS.framework/Versions/A/NetFS
0x000000000a9f3000 	/System/Library/PrivateFrameworks/NetAuth.framework/Versions/A/NetAuth
0x000000000a9f3000 	/System/Library/PrivateFrameworks/login.framework/Versions/A/Frameworks/loginsupport.framework/Versions/A/loginsupport
0x000000000a9f3000 	/System/Library/PrivateFrameworks/TCC.framework/Versions/A/TCC
0x000000000a9f3000 	/usr/lib/libmecabra.dylib
0x000000000a9f3000 	/System/Library/Frameworks/ApplicationServices.framework/Versions/A/Frameworks/ATS.framework/Versions/A/ATS
0x000000000a9f3000 	/System/Library/Frameworks/ApplicationServices.framework/Versions/A/Frameworks/ColorSync.framework/Versions/A/ColorSync
0x000000000a9f3000 	/System/Library/Frameworks/ApplicationServices.framework/Versions/A/Frameworks/HIServices.framework/Versions/A/HIServices
0x000000000a9f3000 	/System/Library/Frameworks/ApplicationServices.framework/Versions/A/Frameworks/LangAnalysis.framework/Versions/A/LangAnalysis
0x000000000a9f3000 	/System/Library/Frameworks/ApplicationServices.framework/Versions/A/Frameworks/PrintCore.framework/Versions/A/PrintCore
0x000000000a9f3000 	/System/Library/Frameworks/ApplicationServices.framework/Versions/A/Frameworks/QD.framework/Versions/A/QD
0x000000000a9f3000 	/System/Library/Frameworks/ApplicationServices.framework/Versions/A/Frameworks/SpeechSynthesis.framework/Versions/A/SpeechSynthesis
0x000000000a9f3000 	/System/Library/Frameworks/Metal.framework/Versions/A/Metal
0x000000000a9f3000 	/System/Library/Frameworks/Accelerate.framework/Versions/A/Frameworks/vImage.framework/Versions/A/vImage
0x000000000a9f3000 	/System/Library/Frameworks/Accelerate.framework/Versions/A/Frameworks/vecLib.framework/Versions/A/vecLib
0x000000000a9f3000 	/System/Library/Frameworks/Accelerate.framework/Versions/A/Frameworks/vecLib.framework/Versions/A/libvDSP.dylib
0x000000000a9f3000 	/System/Library/Frameworks/Accelerate.framework/Versions/A/Frameworks/vecLib.framework/Versions/A/libvMisc.dylib
0x000000000a9f3000 	/System/Library/Frameworks/Accelerate.framework/Versions/A/Frameworks/vecLib.framework/Versions/A/libLAPACK.dylib
0x000000000a9f3000 	/System/Library/Frameworks/Accelerate.framework/Versions/A/Frameworks/vecLib.framework/Versions/A/libBLAS.dylib
0x000000000a9f3000 	/System/Library/Frameworks/Accelerate.framework/Versions/A/Frameworks/vecLib.framework/Versions/A/libLinearAlgebra.dylib
0x000000000a9f3000 	/System/Library/Frameworks/Accelerate.framework/Versions/A/Frameworks/vecLib.framework/Versions/A/libSparseBLAS.dylib
0x000000000a9f3000 	/System/Library/PrivateFrameworks/GPUCompiler.framework/libmetal_timestamp.dylib
0x000000000a9f3000 	/System/Library/Frameworks/OpenGL.framework/Versions/A/Libraries/libCoreFSCache.dylib
0x000000000a9f3000 	/System/Library/PrivateFrameworks/IOAccelerator.framework/Versions/A/IOAccelerator
0x000000000a9f3000 	/System/Library/Frameworks/ApplicationServices.framework/Versions/A/Frameworks/ATS.framework/Versions/A/Resources/libFontParser.dylib
0x000000000a9f3000 	/System/Library/Frameworks/ApplicationServices.framework/Versions/A/Frameworks/ATS.framework/Versions/A/Resources/libFontRegistry.dylib
0x000000000a9f3000 	/System/Library/PrivateFrameworks/AppleVPA.framework/Versions/A/AppleVPA
0x000000000a9f3000 	/System/Library/PrivateFrameworks/AppleJPEG.framework/Versions/A/AppleJPEG
0x000000000a9f3000 	/System/Library/Frameworks/ImageIO.framework/Versions/A/Resources/libJPEG.dylib
0x000000000a9f3000 	/System/Library/Frameworks/ImageIO.framework/Versions/A/Resources/libTIFF.dylib
0x000000000a9f3000 	/System/Library/Frameworks/ImageIO.framework/Versions/A/Resources/libPng.dylib
0x000000000a9f3000 	/System/Library/Frameworks/ImageIO.framework/Versions/A/Resources/libGIF.dylib
0x000000000a9f3000 	/System/Library/Frameworks/ImageIO.framework/Versions/A/Resources/libJP2.dylib
0x000000000a9f3000 	/System/Library/Frameworks/ImageIO.framework/Versions/A/Resources/libRadiance.dylib
0x000000000a9f3000 	/System/Library/Frameworks/CoreVideo.framework/Versions/A/CoreVideo
0x000000000a9f3000 	/System/Library/Frameworks/OpenGL.framework/Versions/A/Libraries/libGLU.dylib
0x000000000a9f3000 	/System/Library/Frameworks/OpenGL.framework/Versions/A/Libraries/libGFXShared.dylib
0x000000000a9f3000 	/System/Library/Frameworks/OpenGL.framework/Versions/A/Libraries/libGL.dylib
0x000000000a9f3000 	/System/Library/Frameworks/OpenGL.framework/Versions/A/Libraries/libGLImage.dylib
0x000000000a9f3000 	/System/Library/Frameworks/OpenGL.framework/Versions/A/Libraries/libCVMSPluginSupport.dylib
0x000000000a9f3000 	/System/Library/Frameworks/OpenGL.framework/Versions/A/Libraries/libCoreVMClient.dylib
0x000000000a9f3000 	/usr/lib/libcompression.dylib
0x000000000a9f3000 	/usr/lib/libcups.2.dylib
0x000000000a9f3000 	/System/Library/Frameworks/Kerberos.framework/Versions/A/Kerberos
0x000000000a9f3000 	/System/Library/Frameworks/GSS.framework/Versions/A/GSS
0x000000000a9f3000 	/usr/lib/libresolv.9.dylib
0x000000000a9f3000 	/usr/lib/libiconv.2.dylib
0x000000000a9f3000 	/System/Library/PrivateFrameworks/Heimdal.framework/Versions/A/Heimdal
0x000000000a9f3000 	/usr/lib/libheimdal-asn1.dylib
0x000000000a9f3000 	/System/Library/Frameworks/OpenDirectory.framework/Versions/A/OpenDirectory
0x000000000a9f3000 	/System/Library/PrivateFrameworks/CommonAuth.framework/Versions/A/CommonAuth
0x000000000a9f3000 	/System/Library/Frameworks/OpenDirectory.framework/Versions/A/Frameworks/CFOpenDirectory.framework/Versions/A/CFOpenDirectory
0x000000000a9f3000 	/System/Library/Frameworks/SecurityFoundation.framework/Versions/A/SecurityFoundation
0x000000000a9f3000 	/System/Library/PrivateFrameworks/LanguageModeling.framework/Versions/A/LanguageModeling
0x000000000a9f3000 	/usr/lib/libmarisa.dylib
0x000000000a9f3000 	/usr/lib/libChineseTokenizer.dylib
0x000000000a9f3000 	/usr/lib/libcmph.dylib
0x000000000a9f3000 	/System/Library/Frameworks/ServiceManagement.framework/Versions/A/ServiceManagement
0x000000000a9f3000 	/usr/lib/libxslt.1.dylib
0x000000000a9f3000 	/System/Library/Frameworks/Carbon.framework/Versions/A/Frameworks/Ink.framework/Versions/A/Ink
0x000000000a9f3000 	/usr/lib/libFosl_dynamic.dylib
0x000000000a9f3000 	/System/Library/PrivateFrameworks/FaceCore.framework/Versions/A/FaceCore
0x000000000a9f3000 	/System/Library/Frameworks/OpenCL.framework/Versions/A/OpenCL
0x000000000a9f3000 	/System/Library/PrivateFrameworks/CrashReporterSupport.framework/Versions/A/CrashReporterSupport
0x000000000a9f3000 	/System/Library/PrivateFrameworks/IconServices.framework/Versions/A/IconServices
0x000000000a9f3000 	/System/Library/PrivateFrameworks/Apple80211.framework/Versions/A/Apple80211
0x000000000a9f3000 	/System/Library/Frameworks/CoreWLAN.framework/Versions/A/CoreWLAN
0x000000000a9f3000 	/System/Library/Frameworks/IOBluetooth.framework/Versions/A/IOBluetooth
0x000000000a9f3000 	/System/Library/PrivateFrameworks/CoreWiFi.framework/Versions/A/CoreWiFi
0x000000000a9f3000 	/System/Library/Frameworks/CoreBluetooth.framework/Versions/A/CoreBluetooth
0x000000000a9f3000 	/System/Library/PrivateFrameworks/ChunkingLibrary.framework/Versions/A/ChunkingLibrary
0x000000000a9f3000 	/System/Library/PrivateFrameworks/DebugSymbols.framework/Versions/A/DebugSymbols
0x000000000a9f3000 	/System/Library/PrivateFrameworks/CoreSymbolication.framework/Versions/A/CoreSymbolication
0x000000000a9f3000 	/System/Library/PrivateFrameworks/Symbolication.framework/Versions/A/Symbolication
0x000000000a9f3000 	/System/Library/PrivateFrameworks/SpeechRecognitionCore.framework/Versions/A/SpeechRecognitionCore
0x00000000515ff000 	/System/Library/CoreServices/Encodings/libJapaneseConverter.dylib
0x000000010d000000 	/Library/Java/JavaVirtualMachines/jdk1.8.0_91.jdk/Contents/Home/jre/lib/server/libjvm.dylib
0x000000000a9f3000 	/usr/lib/libstdc++.6.dylib
0x000000010bf55000 	/Library/Java/JavaVirtualMachines/jdk1.8.0_91.jdk/Contents/Home/jre/lib/libverify.dylib
0x000000010bf63000 	/Library/Java/JavaVirtualMachines/jdk1.8.0_91.jdk/Contents/Home/jre/lib/libjava.dylib
0x000000010bfa2000 	/Library/Java/JavaVirtualMachines/jdk1.8.0_91.jdk/Contents/Home/jre/lib/libzip.dylib
0x0000000121fd1000 	/System/Library/Frameworks/JavaVM.framework/Frameworks/JavaRuntimeSupport.framework/JavaRuntimeSupport
0x000000010bfe8000 	/System/Library/Frameworks/JavaVM.framework/Versions/A/Frameworks/JavaNativeFoundation.framework/Versions/A/JavaNativeFoundation
0x0000000121fec000 	/System/Library/Frameworks/JavaVM.framework/Versions/A/JavaVM
0x000000000a9f3000 	/System/Library/Frameworks/Carbon.framework/Versions/A/Carbon
0x0000000121ff9000 	/System/Library/PrivateFrameworks/JavaLaunching.framework/Versions/A/JavaLaunching
0x000000000a9f3000 	/System/Library/Frameworks/Carbon.framework/Versions/A/Frameworks/CommonPanels.framework/Versions/A/CommonPanels
0x000000000a9f3000 	/System/Library/Frameworks/Carbon.framework/Versions/A/Frameworks/Help.framework/Versions/A/Help
0x000000000a9f3000 	/System/Library/Frameworks/Carbon.framework/Versions/A/Frameworks/ImageCapture.framework/Versions/A/ImageCapture
0x000000000a9f3000 	/System/Library/Frameworks/Carbon.framework/Versions/A/Frameworks/OpenScripting.framework/Versions/A/OpenScripting
0x000000000a9f3000 	/System/Library/Frameworks/Carbon.framework/Versions/A/Frameworks/Print.framework/Versions/A/Print
0x000000000a9f3000 	/System/Library/Frameworks/Carbon.framework/Versions/A/Frameworks/SecurityHI.framework/Versions/A/SecurityHI
0x0000000123ac9000 	/Library/Java/JavaVirtualMachines/jdk1.8.0_91.jdk/Contents/Home/jre/lib/libnet.dylib
0x0000000123b28000 	/Library/Java/JavaVirtualMachines/jdk1.8.0_91.jdk/Contents/Home/jre/lib/libnio.dylib
0x0000000123b38000 	/Users/ooguro/.gradle/native/19/osx-amd64/libnative-platform.dylib

VM Arguments:
jvm_args: -XX:MaxPermSize=256m -XX:+HeapDumpOnOutOfMemoryError -Xmx1024m -Dfile.encoding=UTF-8 -Duser.country=JP -Duser.language=ja -Duser.variant 
java_command: org.gradle.launcher.daemon.bootstrap.GradleDaemon 2.13
java_class_path (initial): /Users/ooguro/.gradle/wrapper/dists/gradle-2.13-bin/4xsgxlfjcxvrea7akf941nvc7/gradle-2.13/lib/gradle-launcher-2.13.jar
Launcher Type: SUN_STANDARD

Environment Variables:
PATH=/usr/bin:/bin:/usr/sbin:/sbin
SHELL=/bin/bash

Signal Handlers:
SIGSEGV: [libjvm.dylib+0x5a97a1], sa_mask[0]=11111111011111110111111111111111, sa_flags=SA_ONSTACK|SA_RESTART|SA_SIGINFO
SIGBUS: [libjvm.dylib+0x5a97a1], sa_mask[0]=11111111011111110111111111111111, sa_flags=SA_RESTART|SA_SIGINFO
SIGFPE: [libjvm.dylib+0x482594], sa_mask[0]=11111111011111110111111111111111, sa_flags=SA_RESTART|SA_SIGINFO
SIGPIPE: [libjvm.dylib+0x482594], sa_mask[0]=11111111011111110111111111111111, sa_flags=SA_RESTART|SA_SIGINFO
SIGXFSZ: [libjvm.dylib+0x482594], sa_mask[0]=11111111011111110111111111111111, sa_flags=SA_RESTART|SA_SIGINFO
SIGILL: [libjvm.dylib+0x482594], sa_mask[0]=11111111011111110111111111111111, sa_flags=SA_RESTART|SA_SIGINFO
SIGUSR1: SIG_DFL, sa_mask[0]=00000000000000000000000000000000, sa_flags=none
SIGUSR2: [libjvm.dylib+0x4820b2], sa_mask[0]=00100000000000000000000000000000, sa_flags=SA_RESTART|SA_SIGINFO
SIGHUP: [libjvm.dylib+0x480689], sa_mask[0]=11111111011111110111111111111111, sa_flags=SA_RESTART|SA_SIGINFO
SIGINT: [libjvm.dylib+0x480689], sa_mask[0]=11111111011111110111111111111111, sa_flags=SA_RESTART|SA_SIGINFO
SIGTERM: [libjvm.dylib+0x480689], sa_mask[0]=11111111011111110111111111111111, sa_flags=SA_RESTART|SA_SIGINFO
SIGQUIT: [libjvm.dylib+0x480689], sa_mask[0]=11111111011111110111111111111111, sa_flags=SA_RESTART|SA_SIGINFO


---------------  S Y S T E M  ---------------

OS:Bsduname:Darwin 15.6.0 Darwin Kernel Version 15.6.0: Mon Aug 29 20:21:34 PDT 2016; root:xnu-3248.60.11~1/RELEASE_X86_64 x86_64
rlimit: STACK 8192k, CORE 0k, NPROC 709, NOFILE 10240, AS infinity
load average:2.28 1.98 1.80

CPU:total 8 (4 cores per cpu, 2 threads per core) family 6 model 70 stepping 1, cmov, cx8, fxsr, mmx, sse, sse2, sse3, ssse3, sse4.1, sse4.2, popcnt, avx, avx2, aes, clmul, erms, lzcnt, ht, tsc, tscinvbit, bmi1, bmi2

Memory: 4k page, physical 16777216k(2242688k free)

/proc/meminfo:


vm_info: Java HotSpot(TM) 64-Bit Server VM (25.91-b14) for bsd-amd64 JRE (1.8.0_91-b14), built on Apr  1 2016 01:03:00 by "java_re" with gcc 4.2.1 (Based on Apple Inc. build 5658) (LLVM build 2336.11.00)

time: Sat Feb 11 15:17:53 2017
elapsed time: 0 seconds (0d 0h 0m 0s)

